/*C11077*/SET SCHEMA PUBLIC
DISCONNECT
/*C11070*/SET SCHEMA PUBLIC
DISCONNECT
/*C11078*/SET SCHEMA PUBLIC
DISCONNECT
/*C11076*/SET SCHEMA PUBLIC
DISCONNECT
/*C11074*/SET SCHEMA PUBLIC
DISCONNECT
/*C11075*/SET SCHEMA PUBLIC
DISCONNECT
/*C11073*/SET SCHEMA PUBLIC
DISCONNECT
/*C11072*/SET SCHEMA PUBLIC
DISCONNECT
/*C11069*/SET SCHEMA PUBLIC
DISCONNECT
/*C11071*/SET SCHEMA PUBLIC
DISCONNECT
/*C11088*/SET SCHEMA PUBLIC
DISCONNECT
/*C11087*/SET SCHEMA PUBLIC
DISCONNECT
/*C11086*/SET SCHEMA PUBLIC
DISCONNECT
/*C11085*/SET SCHEMA PUBLIC
DISCONNECT
/*C11084*/SET SCHEMA PUBLIC
DISCONNECT
/*C11083*/SET SCHEMA PUBLIC
DISCONNECT
/*C11082*/SET SCHEMA PUBLIC
DISCONNECT
/*C11081*/SET SCHEMA PUBLIC
DISCONNECT
/*C11080*/SET SCHEMA PUBLIC
DISCONNECT
/*C11079*/SET SCHEMA PUBLIC
DISCONNECT
/*C11098*/SET SCHEMA PUBLIC
DISCONNECT
/*C11097*/SET SCHEMA PUBLIC
DISCONNECT
/*C11096*/SET SCHEMA PUBLIC
DISCONNECT
/*C11095*/SET SCHEMA PUBLIC
DISCONNECT
/*C11094*/SET SCHEMA PUBLIC
DISCONNECT
/*C11093*/SET SCHEMA PUBLIC
DISCONNECT
/*C11092*/SET SCHEMA PUBLIC
DISCONNECT
/*C11091*/SET SCHEMA PUBLIC
DISCONNECT
/*C11090*/SET SCHEMA PUBLIC
DISCONNECT
/*C11089*/SET SCHEMA PUBLIC
DISCONNECT
/*C11107*/SET SCHEMA PUBLIC
DISCONNECT
/*C11106*/SET SCHEMA PUBLIC
DISCONNECT
/*C11105*/SET SCHEMA PUBLIC
DISCONNECT
/*C11104*/SET SCHEMA PUBLIC
DISCONNECT
/*C11103*/SET SCHEMA PUBLIC
DISCONNECT
/*C11102*/SET SCHEMA PUBLIC
DISCONNECT
/*C11101*/SET SCHEMA PUBLIC
DISCONNECT
/*C11099*/SET SCHEMA PUBLIC
DISCONNECT
/*C11100*/SET SCHEMA PUBLIC
DISCONNECT
/*C11108*/SET SCHEMA PUBLIC
DISCONNECT
/*C11117*/SET SCHEMA PUBLIC
DISCONNECT
/*C11116*/SET SCHEMA PUBLIC
DISCONNECT
/*C11115*/SET SCHEMA PUBLIC
DISCONNECT
/*C11113*/SET SCHEMA PUBLIC
DISCONNECT
/*C11114*/SET SCHEMA PUBLIC
DISCONNECT
/*C11112*/SET SCHEMA PUBLIC
DISCONNECT
/*C11110*/SET SCHEMA PUBLIC
DISCONNECT
/*C11111*/SET SCHEMA PUBLIC
DISCONNECT
/*C11109*/SET SCHEMA PUBLIC
DISCONNECT
/*C11118*/SET SCHEMA PUBLIC
DISCONNECT
/*C11128*/SET SCHEMA PUBLIC
DISCONNECT
/*C11127*/SET SCHEMA PUBLIC
DISCONNECT
/*C11126*/SET SCHEMA PUBLIC
DISCONNECT
/*C11125*/SET SCHEMA PUBLIC
DISCONNECT
/*C11123*/SET SCHEMA PUBLIC
DISCONNECT
/*C11124*/SET SCHEMA PUBLIC
DISCONNECT
/*C11122*/SET SCHEMA PUBLIC
DISCONNECT
/*C11121*/SET SCHEMA PUBLIC
DISCONNECT
/*C11120*/SET SCHEMA PUBLIC
DISCONNECT
/*C11119*/SET SCHEMA PUBLIC
DISCONNECT
/*C11138*/SET SCHEMA PUBLIC
DISCONNECT
/*C11137*/SET SCHEMA PUBLIC
DISCONNECT
/*C11136*/SET SCHEMA PUBLIC
DISCONNECT
/*C11135*/SET SCHEMA PUBLIC
DISCONNECT
/*C11134*/SET SCHEMA PUBLIC
DISCONNECT
/*C11133*/SET SCHEMA PUBLIC
DISCONNECT
/*C11132*/SET SCHEMA PUBLIC
DISCONNECT
/*C11131*/SET SCHEMA PUBLIC
DISCONNECT
/*C11130*/SET SCHEMA PUBLIC
DISCONNECT
/*C11129*/SET SCHEMA PUBLIC
DISCONNECT
/*C11148*/SET SCHEMA PUBLIC
DISCONNECT
/*C11147*/SET SCHEMA PUBLIC
DISCONNECT
/*C11146*/SET SCHEMA PUBLIC
DISCONNECT
/*C11145*/SET SCHEMA PUBLIC
DISCONNECT
/*C11144*/SET SCHEMA PUBLIC
DISCONNECT
/*C11143*/SET SCHEMA PUBLIC
DISCONNECT
/*C11142*/SET SCHEMA PUBLIC
DISCONNECT
/*C11141*/SET SCHEMA PUBLIC
DISCONNECT
/*C11140*/SET SCHEMA PUBLIC
DISCONNECT
/*C11139*/SET SCHEMA PUBLIC
DISCONNECT
/*C11152*/SET SCHEMA PUBLIC
DISCONNECT
/*C11151*/SET SCHEMA PUBLIC
DISCONNECT
/*C11150*/SET SCHEMA PUBLIC
DISCONNECT
/*C11149*/SET SCHEMA PUBLIC
DISCONNECT
/*C11158*/SET SCHEMA PUBLIC
DISCONNECT
/*C11156*/SET SCHEMA PUBLIC
DISCONNECT
/*C11155*/SET SCHEMA PUBLIC
DISCONNECT
/*C11153*/SET SCHEMA PUBLIC
DISCONNECT
/*C11154*/SET SCHEMA PUBLIC
DISCONNECT
/*C11162*/SET SCHEMA PUBLIC
DISCONNECT
/*C11161*/SET SCHEMA PUBLIC
DISCONNECT
/*C11160*/SET SCHEMA PUBLIC
DISCONNECT
/*C11159*/SET SCHEMA PUBLIC
DISCONNECT
/*C11171*/SET SCHEMA PUBLIC
DISCONNECT
/*C11170*/SET SCHEMA PUBLIC
DISCONNECT
/*C11169*/SET SCHEMA PUBLIC
DISCONNECT
/*C11168*/SET SCHEMA PUBLIC
DISCONNECT
/*C11167*/SET SCHEMA PUBLIC
DISCONNECT
/*C11166*/SET SCHEMA PUBLIC
DISCONNECT
/*C11165*/SET SCHEMA PUBLIC
DISCONNECT
/*C11163*/SET SCHEMA PUBLIC
DISCONNECT
/*C11164*/SET SCHEMA PUBLIC
DISCONNECT
/*C11180*/SET SCHEMA PUBLIC
DISCONNECT
/*C11179*/SET SCHEMA PUBLIC
DISCONNECT
/*C11178*/SET SCHEMA PUBLIC
DISCONNECT
/*C11176*/SET SCHEMA PUBLIC
DISCONNECT
/*C11177*/SET SCHEMA PUBLIC
DISCONNECT
/*C11175*/SET SCHEMA PUBLIC
DISCONNECT
/*C11172*/SET SCHEMA PUBLIC
DISCONNECT
/*C11174*/SET SCHEMA PUBLIC
DISCONNECT
/*C11173*/SET SCHEMA PUBLIC
DISCONNECT
/*C11189*/SET SCHEMA PUBLIC
DISCONNECT
/*C11187*/SET SCHEMA PUBLIC
DISCONNECT
/*C11188*/SET SCHEMA PUBLIC
DISCONNECT
/*C11186*/SET SCHEMA PUBLIC
DISCONNECT
/*C11185*/SET SCHEMA PUBLIC
DISCONNECT
/*C11184*/SET SCHEMA PUBLIC
DISCONNECT
/*C11183*/SET SCHEMA PUBLIC
DISCONNECT
/*C11182*/SET SCHEMA PUBLIC
DISCONNECT
/*C11181*/SET SCHEMA PUBLIC
DISCONNECT
/*C11198*/SET SCHEMA PUBLIC
DISCONNECT
/*C11197*/SET SCHEMA PUBLIC
DISCONNECT
/*C11196*/SET SCHEMA PUBLIC
DISCONNECT
/*C11195*/SET SCHEMA PUBLIC
DISCONNECT
/*C11194*/SET SCHEMA PUBLIC
DISCONNECT
/*C11193*/SET SCHEMA PUBLIC
DISCONNECT
/*C11192*/SET SCHEMA PUBLIC
DISCONNECT
/*C11190*/SET SCHEMA PUBLIC
DISCONNECT
/*C11191*/SET SCHEMA PUBLIC
DISCONNECT
/*C11207*/SET SCHEMA PUBLIC
DISCONNECT
/*C11206*/SET SCHEMA PUBLIC
DISCONNECT
/*C11205*/SET SCHEMA PUBLIC
DISCONNECT
/*C11204*/SET SCHEMA PUBLIC
DISCONNECT
/*C11203*/SET SCHEMA PUBLIC
DISCONNECT
/*C11202*/SET SCHEMA PUBLIC
DISCONNECT
/*C11201*/SET SCHEMA PUBLIC
DISCONNECT
/*C11199*/SET SCHEMA PUBLIC
DISCONNECT
/*C11200*/SET SCHEMA PUBLIC
DISCONNECT
/*C11216*/SET SCHEMA PUBLIC
DISCONNECT
/*C11215*/SET SCHEMA PUBLIC
DISCONNECT
/*C11214*/SET SCHEMA PUBLIC
DISCONNECT
/*C11213*/SET SCHEMA PUBLIC
DISCONNECT
/*C11212*/SET SCHEMA PUBLIC
DISCONNECT
/*C11211*/SET SCHEMA PUBLIC
DISCONNECT
/*C11210*/SET SCHEMA PUBLIC
DISCONNECT
/*C11209*/SET SCHEMA PUBLIC
DISCONNECT
/*C11208*/SET SCHEMA PUBLIC
DISCONNECT
/*C11225*/SET SCHEMA PUBLIC
DISCONNECT
/*C11224*/SET SCHEMA PUBLIC
DISCONNECT
/*C11223*/SET SCHEMA PUBLIC
DISCONNECT
/*C11222*/SET SCHEMA PUBLIC
DISCONNECT
/*C11221*/SET SCHEMA PUBLIC
DISCONNECT
/*C11220*/SET SCHEMA PUBLIC
DISCONNECT
/*C11219*/SET SCHEMA PUBLIC
DISCONNECT
/*C11218*/SET SCHEMA PUBLIC
DISCONNECT
/*C11217*/SET SCHEMA PUBLIC
DISCONNECT
/*C11234*/SET SCHEMA PUBLIC
DISCONNECT
/*C11233*/SET SCHEMA PUBLIC
DISCONNECT
/*C11232*/SET SCHEMA PUBLIC
DISCONNECT
/*C11231*/SET SCHEMA PUBLIC
DISCONNECT
/*C11230*/SET SCHEMA PUBLIC
DISCONNECT
/*C11229*/SET SCHEMA PUBLIC
DISCONNECT
/*C11228*/SET SCHEMA PUBLIC
DISCONNECT
/*C11227*/SET SCHEMA PUBLIC
DISCONNECT
/*C11226*/SET SCHEMA PUBLIC
DISCONNECT
/*C11243*/SET SCHEMA PUBLIC
DISCONNECT
/*C11242*/SET SCHEMA PUBLIC
DISCONNECT
/*C11241*/SET SCHEMA PUBLIC
DISCONNECT
/*C11239*/SET SCHEMA PUBLIC
DISCONNECT
/*C11240*/SET SCHEMA PUBLIC
DISCONNECT
/*C11238*/SET SCHEMA PUBLIC
DISCONNECT
/*C11237*/SET SCHEMA PUBLIC
DISCONNECT
/*C11236*/SET SCHEMA PUBLIC
DISCONNECT
/*C11235*/SET SCHEMA PUBLIC
DISCONNECT
/*C11252*/SET SCHEMA PUBLIC
DISCONNECT
/*C11251*/SET SCHEMA PUBLIC
DISCONNECT
/*C11250*/SET SCHEMA PUBLIC
DISCONNECT
/*C11249*/SET SCHEMA PUBLIC
DISCONNECT
/*C11247*/SET SCHEMA PUBLIC
DISCONNECT
/*C11248*/SET SCHEMA PUBLIC
DISCONNECT
/*C11245*/SET SCHEMA PUBLIC
DISCONNECT
/*C11246*/SET SCHEMA PUBLIC
DISCONNECT
/*C11244*/SET SCHEMA PUBLIC
DISCONNECT
/*C11260*/SET SCHEMA PUBLIC
DISCONNECT
/*C11259*/SET SCHEMA PUBLIC
DISCONNECT
/*C11261*/SET SCHEMA PUBLIC
DISCONNECT
/*C11258*/SET SCHEMA PUBLIC
DISCONNECT
/*C11256*/SET SCHEMA PUBLIC
DISCONNECT
/*C11257*/SET SCHEMA PUBLIC
DISCONNECT
/*C11255*/SET SCHEMA PUBLIC
DISCONNECT
/*C11253*/SET SCHEMA PUBLIC
DISCONNECT
/*C11254*/SET SCHEMA PUBLIC
DISCONNECT
/*C11270*/SET SCHEMA PUBLIC
DISCONNECT
/*C11269*/SET SCHEMA PUBLIC
DISCONNECT
/*C11268*/SET SCHEMA PUBLIC
DISCONNECT
/*C11267*/SET SCHEMA PUBLIC
DISCONNECT
/*C11266*/SET SCHEMA PUBLIC
DISCONNECT
/*C11265*/SET SCHEMA PUBLIC
DISCONNECT
/*C11264*/SET SCHEMA PUBLIC
DISCONNECT
/*C11263*/SET SCHEMA PUBLIC
DISCONNECT
/*C11262*/SET SCHEMA PUBLIC
DISCONNECT
/*C11279*/SET SCHEMA PUBLIC
DISCONNECT
/*C11278*/SET SCHEMA PUBLIC
DISCONNECT
/*C11277*/SET SCHEMA PUBLIC
DISCONNECT
/*C11276*/SET SCHEMA PUBLIC
DISCONNECT
/*C11275*/SET SCHEMA PUBLIC
DISCONNECT
/*C11274*/SET SCHEMA PUBLIC
DISCONNECT
/*C11273*/SET SCHEMA PUBLIC
DISCONNECT
/*C11272*/SET SCHEMA PUBLIC
DISCONNECT
/*C11271*/SET SCHEMA PUBLIC
DISCONNECT
/*C11288*/SET SCHEMA PUBLIC
DISCONNECT
/*C11287*/SET SCHEMA PUBLIC
DISCONNECT
/*C11286*/SET SCHEMA PUBLIC
DISCONNECT
/*C11285*/SET SCHEMA PUBLIC
DISCONNECT
/*C11284*/SET SCHEMA PUBLIC
DISCONNECT
/*C11283*/SET SCHEMA PUBLIC
DISCONNECT
/*C11282*/SET SCHEMA PUBLIC
DISCONNECT
/*C11281*/SET SCHEMA PUBLIC
DISCONNECT
/*C11280*/SET SCHEMA PUBLIC
DISCONNECT
/*C11297*/SET SCHEMA PUBLIC
DISCONNECT
/*C11296*/SET SCHEMA PUBLIC
DISCONNECT
/*C11295*/SET SCHEMA PUBLIC
DISCONNECT
/*C11294*/SET SCHEMA PUBLIC
DISCONNECT
/*C11293*/SET SCHEMA PUBLIC
DISCONNECT
/*C11292*/SET SCHEMA PUBLIC
DISCONNECT
/*C11291*/SET SCHEMA PUBLIC
DISCONNECT
/*C11290*/SET SCHEMA PUBLIC
DISCONNECT
/*C11289*/SET SCHEMA PUBLIC
DISCONNECT
/*C11306*/SET SCHEMA PUBLIC
DISCONNECT
/*C11305*/SET SCHEMA PUBLIC
DISCONNECT
/*C11304*/SET SCHEMA PUBLIC
DISCONNECT
/*C11303*/SET SCHEMA PUBLIC
DISCONNECT
/*C11302*/SET SCHEMA PUBLIC
DISCONNECT
/*C11301*/SET SCHEMA PUBLIC
DISCONNECT
/*C11300*/SET SCHEMA PUBLIC
DISCONNECT
/*C11299*/SET SCHEMA PUBLIC
DISCONNECT
/*C11298*/SET SCHEMA PUBLIC
DISCONNECT
/*C11315*/SET SCHEMA PUBLIC
DISCONNECT
/*C11314*/SET SCHEMA PUBLIC
DISCONNECT
/*C11313*/SET SCHEMA PUBLIC
DISCONNECT
/*C11312*/SET SCHEMA PUBLIC
DISCONNECT
/*C11311*/SET SCHEMA PUBLIC
DISCONNECT
/*C11310*/SET SCHEMA PUBLIC
DISCONNECT
/*C11309*/SET SCHEMA PUBLIC
DISCONNECT
/*C11308*/SET SCHEMA PUBLIC
DISCONNECT
/*C11307*/SET SCHEMA PUBLIC
DISCONNECT
/*C11324*/SET SCHEMA PUBLIC
DISCONNECT
/*C11322*/SET SCHEMA PUBLIC
DISCONNECT
/*C11323*/SET SCHEMA PUBLIC
DISCONNECT
/*C11321*/SET SCHEMA PUBLIC
DISCONNECT
/*C11320*/SET SCHEMA PUBLIC
DISCONNECT
/*C11319*/SET SCHEMA PUBLIC
DISCONNECT
/*C11317*/SET SCHEMA PUBLIC
DISCONNECT
/*C11318*/SET SCHEMA PUBLIC
DISCONNECT
/*C11316*/SET SCHEMA PUBLIC
DISCONNECT
/*C11333*/SET SCHEMA PUBLIC
DISCONNECT
/*C11332*/SET SCHEMA PUBLIC
DISCONNECT
/*C11331*/SET SCHEMA PUBLIC
DISCONNECT
/*C11330*/SET SCHEMA PUBLIC
DISCONNECT
/*C11328*/SET SCHEMA PUBLIC
DISCONNECT
/*C11329*/SET SCHEMA PUBLIC
DISCONNECT
/*C11326*/SET SCHEMA PUBLIC
DISCONNECT
/*C11327*/SET SCHEMA PUBLIC
DISCONNECT
/*C11325*/SET SCHEMA PUBLIC
DISCONNECT
/*C11342*/SET SCHEMA PUBLIC
DISCONNECT
/*C11341*/SET SCHEMA PUBLIC
DISCONNECT
/*C11340*/SET SCHEMA PUBLIC
DISCONNECT
/*C11339*/SET SCHEMA PUBLIC
DISCONNECT
/*C11338*/SET SCHEMA PUBLIC
DISCONNECT
/*C11337*/SET SCHEMA PUBLIC
DISCONNECT
/*C11336*/SET SCHEMA PUBLIC
DISCONNECT
/*C11335*/SET SCHEMA PUBLIC
DISCONNECT
/*C11334*/SET SCHEMA PUBLIC
DISCONNECT
/*C11351*/SET SCHEMA PUBLIC
DISCONNECT
/*C11350*/SET SCHEMA PUBLIC
DISCONNECT
/*C11349*/SET SCHEMA PUBLIC
DISCONNECT
/*C11348*/SET SCHEMA PUBLIC
DISCONNECT
/*C11347*/SET SCHEMA PUBLIC
DISCONNECT
/*C11346*/SET SCHEMA PUBLIC
DISCONNECT
/*C11345*/SET SCHEMA PUBLIC
DISCONNECT
/*C11344*/SET SCHEMA PUBLIC
DISCONNECT
/*C11343*/SET SCHEMA PUBLIC
DISCONNECT
/*C11360*/SET SCHEMA PUBLIC
DISCONNECT
/*C11359*/SET SCHEMA PUBLIC
DISCONNECT
/*C11358*/SET SCHEMA PUBLIC
DISCONNECT
/*C11357*/SET SCHEMA PUBLIC
DISCONNECT
/*C11356*/SET SCHEMA PUBLIC
DISCONNECT
/*C11355*/SET SCHEMA PUBLIC
DISCONNECT
/*C11354*/SET SCHEMA PUBLIC
DISCONNECT
/*C11353*/SET SCHEMA PUBLIC
DISCONNECT
/*C11352*/SET SCHEMA PUBLIC
DISCONNECT
/*C11369*/SET SCHEMA PUBLIC
DISCONNECT
/*C11368*/SET SCHEMA PUBLIC
DISCONNECT
/*C11367*/SET SCHEMA PUBLIC
DISCONNECT
/*C11366*/SET SCHEMA PUBLIC
DISCONNECT
/*C11365*/SET SCHEMA PUBLIC
DISCONNECT
/*C11364*/SET SCHEMA PUBLIC
DISCONNECT
/*C11363*/SET SCHEMA PUBLIC
DISCONNECT
/*C11362*/SET SCHEMA PUBLIC
DISCONNECT
/*C11361*/SET SCHEMA PUBLIC
DISCONNECT
/*C11377*/SET SCHEMA PUBLIC
DISCONNECT
/*C11376*/SET SCHEMA PUBLIC
DISCONNECT
/*C11375*/SET SCHEMA PUBLIC
DISCONNECT
/*C11374*/SET SCHEMA PUBLIC
DISCONNECT
/*C11373*/SET SCHEMA PUBLIC
DISCONNECT
/*C11372*/SET SCHEMA PUBLIC
DISCONNECT
/*C11371*/SET SCHEMA PUBLIC
DISCONNECT
/*C11370*/SET SCHEMA PUBLIC
DISCONNECT
/*C11378*/SET SCHEMA PUBLIC
DISCONNECT
/*C11385*/SET SCHEMA PUBLIC
DISCONNECT
/*C11386*/SET SCHEMA PUBLIC
DISCONNECT
/*C11384*/SET SCHEMA PUBLIC
DISCONNECT
/*C11383*/SET SCHEMA PUBLIC
DISCONNECT
/*C11382*/SET SCHEMA PUBLIC
DISCONNECT
/*C11381*/SET SCHEMA PUBLIC
DISCONNECT
/*C11380*/SET SCHEMA PUBLIC
DISCONNECT
/*C11379*/SET SCHEMA PUBLIC
DISCONNECT
/*C11387*/SET SCHEMA PUBLIC
DISCONNECT
/*C11395*/SET SCHEMA PUBLIC
DISCONNECT
/*C11394*/SET SCHEMA PUBLIC
DISCONNECT
/*C11393*/SET SCHEMA PUBLIC
DISCONNECT
/*C11392*/SET SCHEMA PUBLIC
DISCONNECT
/*C11391*/SET SCHEMA PUBLIC
DISCONNECT
/*C11390*/SET SCHEMA PUBLIC
DISCONNECT
/*C11389*/SET SCHEMA PUBLIC
DISCONNECT
/*C11388*/SET SCHEMA PUBLIC
DISCONNECT
/*C11396*/SET SCHEMA PUBLIC
DISCONNECT
/*C11404*/SET SCHEMA PUBLIC
DISCONNECT
/*C11402*/SET SCHEMA PUBLIC
DISCONNECT
/*C11403*/SET SCHEMA PUBLIC
DISCONNECT
/*C11401*/SET SCHEMA PUBLIC
DISCONNECT
/*C11400*/SET SCHEMA PUBLIC
DISCONNECT
/*C11399*/SET SCHEMA PUBLIC
DISCONNECT
/*C11398*/SET SCHEMA PUBLIC
DISCONNECT
/*C11397*/SET SCHEMA PUBLIC
DISCONNECT
/*C11405*/SET SCHEMA PUBLIC
DISCONNECT
/*C11414*/SET SCHEMA PUBLIC
DISCONNECT
/*C11413*/SET SCHEMA PUBLIC
DISCONNECT
/*C11412*/SET SCHEMA PUBLIC
DISCONNECT
/*C11411*/SET SCHEMA PUBLIC
DISCONNECT
/*C11410*/SET SCHEMA PUBLIC
DISCONNECT
/*C11409*/SET SCHEMA PUBLIC
DISCONNECT
/*C11408*/SET SCHEMA PUBLIC
DISCONNECT
/*C11407*/SET SCHEMA PUBLIC
DISCONNECT
/*C11406*/SET SCHEMA PUBLIC
DISCONNECT
/*C11422*/SET SCHEMA PUBLIC
DISCONNECT
/*C11423*/SET SCHEMA PUBLIC
DISCONNECT
/*C11421*/SET SCHEMA PUBLIC
DISCONNECT
/*C11420*/SET SCHEMA PUBLIC
DISCONNECT
/*C11419*/SET SCHEMA PUBLIC
DISCONNECT
/*C11418*/SET SCHEMA PUBLIC
DISCONNECT
/*C11417*/SET SCHEMA PUBLIC
DISCONNECT
/*C11416*/SET SCHEMA PUBLIC
DISCONNECT
/*C11415*/SET SCHEMA PUBLIC
DISCONNECT
/*C11432*/SET SCHEMA PUBLIC
DISCONNECT
/*C11431*/SET SCHEMA PUBLIC
DISCONNECT
/*C11430*/SET SCHEMA PUBLIC
DISCONNECT
/*C11429*/SET SCHEMA PUBLIC
DISCONNECT
/*C11428*/SET SCHEMA PUBLIC
DISCONNECT
/*C11427*/SET SCHEMA PUBLIC
DISCONNECT
/*C11426*/SET SCHEMA PUBLIC
DISCONNECT
/*C11425*/SET SCHEMA PUBLIC
DISCONNECT
/*C11424*/SET SCHEMA PUBLIC
DISCONNECT
/*C11441*/SET SCHEMA PUBLIC
DISCONNECT
/*C11440*/SET SCHEMA PUBLIC
DISCONNECT
/*C11439*/SET SCHEMA PUBLIC
DISCONNECT
/*C11438*/SET SCHEMA PUBLIC
DISCONNECT
/*C11437*/SET SCHEMA PUBLIC
DISCONNECT
/*C11436*/SET SCHEMA PUBLIC
DISCONNECT
/*C11435*/SET SCHEMA PUBLIC
DISCONNECT
/*C11434*/SET SCHEMA PUBLIC
DISCONNECT
/*C11433*/SET SCHEMA PUBLIC
DISCONNECT
/*C11449*/SET SCHEMA PUBLIC
DISCONNECT
/*C11448*/SET SCHEMA PUBLIC
DISCONNECT
/*C11450*/SET SCHEMA PUBLIC
DISCONNECT
/*C11445*/SET SCHEMA PUBLIC
DISCONNECT
/*C11446*/SET SCHEMA PUBLIC
DISCONNECT
/*C11447*/SET SCHEMA PUBLIC
DISCONNECT
/*C11442*/SET SCHEMA PUBLIC
DISCONNECT
/*C11444*/SET SCHEMA PUBLIC
DISCONNECT
/*C11443*/SET SCHEMA PUBLIC
DISCONNECT
/*C11452*/SET SCHEMA PUBLIC
DISCONNECT
/*C11454*/SET SCHEMA PUBLIC
DISCONNECT
/*C11453*/SET SCHEMA PUBLIC
DISCONNECT
/*C11451*/SET SCHEMA PUBLIC
DISCONNECT
/*C11458*/SET SCHEMA PUBLIC
DISCONNECT
/*C11457*/SET SCHEMA PUBLIC
DISCONNECT
/*C11459*/SET SCHEMA PUBLIC
DISCONNECT
/*C11456*/SET SCHEMA PUBLIC
DISCONNECT
/*C11455*/SET SCHEMA PUBLIC
DISCONNECT
/*C11463*/SET SCHEMA PUBLIC
DISCONNECT
/*C11462*/SET SCHEMA PUBLIC
DISCONNECT
/*C11461*/SET SCHEMA PUBLIC
DISCONNECT
/*C11460*/SET SCHEMA PUBLIC
DISCONNECT
/*C11468*/SET SCHEMA PUBLIC
DISCONNECT
/*C11465*/SET SCHEMA PUBLIC
DISCONNECT
/*C11467*/SET SCHEMA PUBLIC
DISCONNECT
/*C11466*/SET SCHEMA PUBLIC
DISCONNECT
/*C11464*/SET SCHEMA PUBLIC
DISCONNECT
/*C11472*/SET SCHEMA PUBLIC
DISCONNECT
/*C11471*/SET SCHEMA PUBLIC
DISCONNECT
/*C11470*/SET SCHEMA PUBLIC
DISCONNECT
/*C11469*/SET SCHEMA PUBLIC
DISCONNECT
/*C11477*/SET SCHEMA PUBLIC
DISCONNECT
/*C11476*/SET SCHEMA PUBLIC
DISCONNECT
/*C11475*/SET SCHEMA PUBLIC
DISCONNECT
/*C11474*/SET SCHEMA PUBLIC
DISCONNECT
/*C11473*/SET SCHEMA PUBLIC
DISCONNECT
/*C11481*/SET SCHEMA PUBLIC
DISCONNECT
/*C11480*/SET SCHEMA PUBLIC
DISCONNECT
/*C11478*/SET SCHEMA PUBLIC
DISCONNECT
/*C11479*/SET SCHEMA PUBLIC
DISCONNECT
/*C11486*/SET SCHEMA PUBLIC
DISCONNECT
/*C11485*/SET SCHEMA PUBLIC
DISCONNECT
/*C11484*/SET SCHEMA PUBLIC
DISCONNECT
/*C11483*/SET SCHEMA PUBLIC
DISCONNECT
/*C11482*/SET SCHEMA PUBLIC
DISCONNECT
/*C11490*/SET SCHEMA PUBLIC
DISCONNECT
/*C11489*/SET SCHEMA PUBLIC
DISCONNECT
/*C11488*/SET SCHEMA PUBLIC
DISCONNECT
/*C11487*/SET SCHEMA PUBLIC
DISCONNECT
/*C11495*/SET SCHEMA PUBLIC
DISCONNECT
/*C11494*/SET SCHEMA PUBLIC
DISCONNECT
/*C11492*/SET SCHEMA PUBLIC
DISCONNECT
/*C11493*/SET SCHEMA PUBLIC
DISCONNECT
/*C11491*/SET SCHEMA PUBLIC
DISCONNECT
/*C11499*/SET SCHEMA PUBLIC
DISCONNECT
/*C11498*/SET SCHEMA PUBLIC
DISCONNECT
/*C11497*/SET SCHEMA PUBLIC
DISCONNECT
/*C11496*/SET SCHEMA PUBLIC
DISCONNECT
/*C11504*/SET SCHEMA PUBLIC
DISCONNECT
/*C11503*/SET SCHEMA PUBLIC
DISCONNECT
/*C11501*/SET SCHEMA PUBLIC
DISCONNECT
/*C11502*/SET SCHEMA PUBLIC
DISCONNECT
/*C11500*/SET SCHEMA PUBLIC
DISCONNECT
/*C11508*/SET SCHEMA PUBLIC
DISCONNECT
/*C11507*/SET SCHEMA PUBLIC
DISCONNECT
/*C11506*/SET SCHEMA PUBLIC
DISCONNECT
/*C11505*/SET SCHEMA PUBLIC
DISCONNECT
/*C11513*/SET SCHEMA PUBLIC
DISCONNECT
/*C11512*/SET SCHEMA PUBLIC
DISCONNECT
/*C11511*/SET SCHEMA PUBLIC
DISCONNECT
/*C11510*/SET SCHEMA PUBLIC
DISCONNECT
/*C11509*/SET SCHEMA PUBLIC
DISCONNECT
/*C11519*/SET SCHEMA PUBLIC
DISCONNECT
/*C11518*/SET SCHEMA PUBLIC
DISCONNECT
/*C11517*/SET SCHEMA PUBLIC
DISCONNECT
/*C11516*/SET SCHEMA PUBLIC
DISCONNECT
/*C11515*/SET SCHEMA PUBLIC
DISCONNECT
/*C11514*/SET SCHEMA PUBLIC
DISCONNECT
/*C11524*/SET SCHEMA PUBLIC
DISCONNECT
/*C11523*/SET SCHEMA PUBLIC
DISCONNECT
/*C11522*/SET SCHEMA PUBLIC
DISCONNECT
/*C11521*/SET SCHEMA PUBLIC
DISCONNECT
/*C11520*/SET SCHEMA PUBLIC
DISCONNECT
/*C11528*/SET SCHEMA PUBLIC
DISCONNECT
/*C11527*/SET SCHEMA PUBLIC
DISCONNECT
/*C11526*/SET SCHEMA PUBLIC
DISCONNECT
/*C11525*/SET SCHEMA PUBLIC
DISCONNECT
/*C11533*/SET SCHEMA PUBLIC
DISCONNECT
/*C11532*/SET SCHEMA PUBLIC
DISCONNECT
/*C11531*/SET SCHEMA PUBLIC
DISCONNECT
/*C11530*/SET SCHEMA PUBLIC
DISCONNECT
/*C11529*/SET SCHEMA PUBLIC
DISCONNECT
/*C11537*/SET SCHEMA PUBLIC
DISCONNECT
/*C11536*/SET SCHEMA PUBLIC
DISCONNECT
/*C11534*/SET SCHEMA PUBLIC
DISCONNECT
/*C11535*/SET SCHEMA PUBLIC
DISCONNECT
/*C11545*/SET SCHEMA PUBLIC
DISCONNECT
/*C11544*/SET SCHEMA PUBLIC
DISCONNECT
/*C11543*/SET SCHEMA PUBLIC
DISCONNECT
/*C11542*/SET SCHEMA PUBLIC
DISCONNECT
/*C11541*/SET SCHEMA PUBLIC
DISCONNECT
/*C11540*/SET SCHEMA PUBLIC
DISCONNECT
/*C11538*/SET SCHEMA PUBLIC
DISCONNECT
/*C11539*/SET SCHEMA PUBLIC
DISCONNECT
/*C11546*/SET SCHEMA PUBLIC
DISCONNECT
/*C11554*/SET SCHEMA PUBLIC
DISCONNECT
/*C11553*/SET SCHEMA PUBLIC
DISCONNECT
/*C11551*/SET SCHEMA PUBLIC
DISCONNECT
/*C11552*/SET SCHEMA PUBLIC
DISCONNECT
/*C11550*/SET SCHEMA PUBLIC
DISCONNECT
/*C11549*/SET SCHEMA PUBLIC
DISCONNECT
/*C11548*/SET SCHEMA PUBLIC
DISCONNECT
/*C11547*/SET SCHEMA PUBLIC
DISCONNECT
/*C11555*/SET SCHEMA PUBLIC
DISCONNECT
/*C11563*/SET SCHEMA PUBLIC
DISCONNECT
/*C11562*/SET SCHEMA PUBLIC
DISCONNECT
/*C11561*/SET SCHEMA PUBLIC
DISCONNECT
/*C11560*/SET SCHEMA PUBLIC
DISCONNECT
/*C11559*/SET SCHEMA PUBLIC
DISCONNECT
/*C11558*/SET SCHEMA PUBLIC
DISCONNECT
/*C11557*/SET SCHEMA PUBLIC
DISCONNECT
/*C11556*/SET SCHEMA PUBLIC
DISCONNECT
/*C11564*/SET SCHEMA PUBLIC
DISCONNECT
/*C11572*/SET SCHEMA PUBLIC
DISCONNECT
/*C11571*/SET SCHEMA PUBLIC
DISCONNECT
/*C11570*/SET SCHEMA PUBLIC
DISCONNECT
/*C11569*/SET SCHEMA PUBLIC
DISCONNECT
/*C11568*/SET SCHEMA PUBLIC
DISCONNECT
/*C11566*/SET SCHEMA PUBLIC
DISCONNECT
/*C11567*/SET SCHEMA PUBLIC
DISCONNECT
/*C11565*/SET SCHEMA PUBLIC
DISCONNECT
/*C11573*/SET SCHEMA PUBLIC
DISCONNECT
/*C11581*/SET SCHEMA PUBLIC
DISCONNECT
/*C11580*/SET SCHEMA PUBLIC
DISCONNECT
/*C11579*/SET SCHEMA PUBLIC
DISCONNECT
/*C11578*/SET SCHEMA PUBLIC
DISCONNECT
/*C11574*/SET SCHEMA PUBLIC
DISCONNECT
/*C11577*/SET SCHEMA PUBLIC
DISCONNECT
/*C11576*/SET SCHEMA PUBLIC
DISCONNECT
/*C11575*/SET SCHEMA PUBLIC
DISCONNECT
/*C11582*/SET SCHEMA PUBLIC
DISCONNECT
/*C11590*/SET SCHEMA PUBLIC
DISCONNECT
/*C11591*/SET SCHEMA PUBLIC
DISCONNECT
/*C11588*/SET SCHEMA PUBLIC
DISCONNECT
/*C11589*/SET SCHEMA PUBLIC
DISCONNECT
/*C11587*/SET SCHEMA PUBLIC
DISCONNECT
/*C11586*/SET SCHEMA PUBLIC
DISCONNECT
/*C11585*/SET SCHEMA PUBLIC
DISCONNECT
/*C11583*/SET SCHEMA PUBLIC
DISCONNECT
/*C11584*/SET SCHEMA PUBLIC
DISCONNECT
/*C11600*/SET SCHEMA PUBLIC
DISCONNECT
/*C11599*/SET SCHEMA PUBLIC
DISCONNECT
/*C11598*/SET SCHEMA PUBLIC
DISCONNECT
/*C11597*/SET SCHEMA PUBLIC
DISCONNECT
/*C11596*/SET SCHEMA PUBLIC
DISCONNECT
/*C11595*/SET SCHEMA PUBLIC
DISCONNECT
/*C11592*/SET SCHEMA PUBLIC
DISCONNECT
/*C11593*/SET SCHEMA PUBLIC
DISCONNECT
/*C11594*/SET SCHEMA PUBLIC
DISCONNECT
/*C11609*/SET SCHEMA PUBLIC
DISCONNECT
/*C11607*/SET SCHEMA PUBLIC
DISCONNECT
/*C11608*/SET SCHEMA PUBLIC
DISCONNECT
/*C11606*/SET SCHEMA PUBLIC
DISCONNECT
/*C11605*/SET SCHEMA PUBLIC
DISCONNECT
/*C11602*/SET SCHEMA PUBLIC
DISCONNECT
/*C11603*/SET SCHEMA PUBLIC
DISCONNECT
/*C11604*/SET SCHEMA PUBLIC
DISCONNECT
/*C11601*/SET SCHEMA PUBLIC
DISCONNECT
/*C11618*/SET SCHEMA PUBLIC
DISCONNECT
/*C11617*/SET SCHEMA PUBLIC
DISCONNECT
/*C11615*/SET SCHEMA PUBLIC
DISCONNECT
/*C11616*/SET SCHEMA PUBLIC
DISCONNECT
/*C11614*/SET SCHEMA PUBLIC
DISCONNECT
/*C11613*/SET SCHEMA PUBLIC
DISCONNECT
/*C11611*/SET SCHEMA PUBLIC
DISCONNECT
/*C11612*/SET SCHEMA PUBLIC
DISCONNECT
/*C11610*/SET SCHEMA PUBLIC
DISCONNECT
/*C11627*/SET SCHEMA PUBLIC
DISCONNECT
/*C11626*/SET SCHEMA PUBLIC
DISCONNECT
/*C11625*/SET SCHEMA PUBLIC
DISCONNECT
/*C11624*/SET SCHEMA PUBLIC
DISCONNECT
/*C11622*/SET SCHEMA PUBLIC
DISCONNECT
/*C11623*/SET SCHEMA PUBLIC
DISCONNECT
/*C11621*/SET SCHEMA PUBLIC
DISCONNECT
/*C11620*/SET SCHEMA PUBLIC
DISCONNECT
/*C11619*/SET SCHEMA PUBLIC
DISCONNECT
/*C11636*/SET SCHEMA PUBLIC
DISCONNECT
/*C11635*/SET SCHEMA PUBLIC
DISCONNECT
/*C11634*/SET SCHEMA PUBLIC
DISCONNECT
/*C11633*/SET SCHEMA PUBLIC
DISCONNECT
/*C11631*/SET SCHEMA PUBLIC
DISCONNECT
/*C11630*/SET SCHEMA PUBLIC
DISCONNECT
/*C11632*/SET SCHEMA PUBLIC
DISCONNECT
/*C11629*/SET SCHEMA PUBLIC
DISCONNECT
/*C11628*/SET SCHEMA PUBLIC
DISCONNECT
/*C11645*/SET SCHEMA PUBLIC
DISCONNECT
/*C11644*/SET SCHEMA PUBLIC
DISCONNECT
/*C11643*/SET SCHEMA PUBLIC
DISCONNECT
/*C11642*/SET SCHEMA PUBLIC
DISCONNECT
/*C11641*/SET SCHEMA PUBLIC
DISCONNECT
/*C11639*/SET SCHEMA PUBLIC
DISCONNECT
/*C11640*/SET SCHEMA PUBLIC
DISCONNECT
/*C11638*/SET SCHEMA PUBLIC
DISCONNECT
/*C11637*/SET SCHEMA PUBLIC
DISCONNECT
/*C11654*/SET SCHEMA PUBLIC
DISCONNECT
/*C11653*/SET SCHEMA PUBLIC
DISCONNECT
/*C11652*/SET SCHEMA PUBLIC
DISCONNECT
/*C11651*/SET SCHEMA PUBLIC
DISCONNECT
/*C11650*/SET SCHEMA PUBLIC
DISCONNECT
/*C11649*/SET SCHEMA PUBLIC
DISCONNECT
/*C11648*/SET SCHEMA PUBLIC
DISCONNECT
/*C11646*/SET SCHEMA PUBLIC
DISCONNECT
/*C11647*/SET SCHEMA PUBLIC
DISCONNECT
/*C11157*/SET SCHEMA PUBLIC
DELETE FROM OGRENCI WHERE ID=40
COMMIT
/*C11662*/SET SCHEMA PUBLIC
DISCONNECT
/*C11663*/SET SCHEMA PUBLIC
DISCONNECT
/*C11661*/SET SCHEMA PUBLIC
DISCONNECT
/*C11660*/SET SCHEMA PUBLIC
DISCONNECT
/*C11157*/DISCONNECT
/*C11659*/SET SCHEMA PUBLIC
DISCONNECT
/*C11658*/SET SCHEMA PUBLIC
DISCONNECT
/*C11656*/SET SCHEMA PUBLIC
DISCONNECT
/*C11657*/SET SCHEMA PUBLIC
DISCONNECT
/*C11655*/SET SCHEMA PUBLIC
DISCONNECT
/*C11673*/SET SCHEMA PUBLIC
DISCONNECT
/*C11672*/SET SCHEMA PUBLIC
DISCONNECT
/*C11671*/SET SCHEMA PUBLIC
DISCONNECT
/*C11670*/SET SCHEMA PUBLIC
DISCONNECT
/*C11669*/SET SCHEMA PUBLIC
DISCONNECT
/*C11668*/SET SCHEMA PUBLIC
DISCONNECT
/*C11667*/SET SCHEMA PUBLIC
DISCONNECT
/*C11666*/SET SCHEMA PUBLIC
DISCONNECT
/*C11665*/SET SCHEMA PUBLIC
DISCONNECT
/*C11664*/SET SCHEMA PUBLIC
DISCONNECT
/*C11683*/SET SCHEMA PUBLIC
DISCONNECT
/*C11682*/SET SCHEMA PUBLIC
DISCONNECT
/*C11681*/SET SCHEMA PUBLIC
DISCONNECT
/*C11680*/SET SCHEMA PUBLIC
DISCONNECT
/*C11679*/SET SCHEMA PUBLIC
DISCONNECT
/*C11678*/SET SCHEMA PUBLIC
DISCONNECT
/*C11677*/SET SCHEMA PUBLIC
DISCONNECT
/*C11676*/SET SCHEMA PUBLIC
DISCONNECT
/*C11675*/SET SCHEMA PUBLIC
DISCONNECT
/*C11674*/SET SCHEMA PUBLIC
DISCONNECT
/*C11693*/SET SCHEMA PUBLIC
DISCONNECT
/*C11692*/SET SCHEMA PUBLIC
DISCONNECT
/*C11691*/SET SCHEMA PUBLIC
DISCONNECT
/*C11690*/SET SCHEMA PUBLIC
DISCONNECT
/*C11689*/SET SCHEMA PUBLIC
DISCONNECT
/*C11688*/SET SCHEMA PUBLIC
DISCONNECT
/*C11687*/SET SCHEMA PUBLIC
DISCONNECT
/*C11686*/SET SCHEMA PUBLIC
DISCONNECT
/*C11684*/SET SCHEMA PUBLIC
DISCONNECT
/*C11685*/SET SCHEMA PUBLIC
DISCONNECT
/*C11703*/SET SCHEMA PUBLIC
DISCONNECT
/*C11702*/SET SCHEMA PUBLIC
DISCONNECT
/*C11701*/SET SCHEMA PUBLIC
DISCONNECT
/*C11700*/SET SCHEMA PUBLIC
DISCONNECT
/*C11699*/SET SCHEMA PUBLIC
DISCONNECT
/*C11698*/SET SCHEMA PUBLIC
DISCONNECT
/*C11696*/SET SCHEMA PUBLIC
DISCONNECT
/*C11697*/SET SCHEMA PUBLIC
DISCONNECT
/*C11695*/SET SCHEMA PUBLIC
DISCONNECT
/*C11694*/SET SCHEMA PUBLIC
DISCONNECT
/*C11713*/SET SCHEMA PUBLIC
DISCONNECT
/*C11712*/SET SCHEMA PUBLIC
DISCONNECT
/*C11711*/SET SCHEMA PUBLIC
DISCONNECT
/*C11710*/SET SCHEMA PUBLIC
DISCONNECT
/*C11708*/SET SCHEMA PUBLIC
DISCONNECT
/*C11709*/SET SCHEMA PUBLIC
DISCONNECT
/*C11707*/SET SCHEMA PUBLIC
DISCONNECT
/*C11706*/SET SCHEMA PUBLIC
DISCONNECT
/*C11705*/SET SCHEMA PUBLIC
DISCONNECT
/*C11704*/SET SCHEMA PUBLIC
DISCONNECT
/*C11723*/SET SCHEMA PUBLIC
DISCONNECT
/*C11722*/SET SCHEMA PUBLIC
DISCONNECT
/*C11721*/SET SCHEMA PUBLIC
DISCONNECT
/*C11719*/SET SCHEMA PUBLIC
DISCONNECT
/*C11720*/SET SCHEMA PUBLIC
DISCONNECT
/*C11718*/SET SCHEMA PUBLIC
DISCONNECT
/*C11717*/SET SCHEMA PUBLIC
DISCONNECT
/*C11716*/SET SCHEMA PUBLIC
DISCONNECT
/*C11715*/SET SCHEMA PUBLIC
DISCONNECT
/*C11714*/SET SCHEMA PUBLIC
DISCONNECT
/*C11733*/SET SCHEMA PUBLIC
DISCONNECT
/*C11732*/SET SCHEMA PUBLIC
DISCONNECT
/*C11731*/SET SCHEMA PUBLIC
DISCONNECT
/*C11730*/SET SCHEMA PUBLIC
DISCONNECT
/*C11729*/SET SCHEMA PUBLIC
DISCONNECT
/*C11728*/SET SCHEMA PUBLIC
DISCONNECT
/*C11727*/SET SCHEMA PUBLIC
DISCONNECT
/*C11726*/SET SCHEMA PUBLIC
DISCONNECT
/*C11725*/SET SCHEMA PUBLIC
DISCONNECT
/*C11724*/SET SCHEMA PUBLIC
DISCONNECT
/*C11743*/SET SCHEMA PUBLIC
DISCONNECT
/*C11741*/SET SCHEMA PUBLIC
DISCONNECT
/*C11742*/SET SCHEMA PUBLIC
DISCONNECT
/*C11740*/SET SCHEMA PUBLIC
DISCONNECT
/*C11739*/SET SCHEMA PUBLIC
DISCONNECT
/*C11737*/SET SCHEMA PUBLIC
DISCONNECT
/*C11738*/SET SCHEMA PUBLIC
DISCONNECT
/*C11736*/SET SCHEMA PUBLIC
DISCONNECT
/*C11734*/SET SCHEMA PUBLIC
DISCONNECT
/*C11735*/SET SCHEMA PUBLIC
DISCONNECT
/*C11753*/SET SCHEMA PUBLIC
DISCONNECT
/*C11752*/SET SCHEMA PUBLIC
DISCONNECT
/*C11751*/SET SCHEMA PUBLIC
DISCONNECT
/*C11750*/SET SCHEMA PUBLIC
DISCONNECT
/*C11749*/SET SCHEMA PUBLIC
DISCONNECT
/*C11748*/SET SCHEMA PUBLIC
DISCONNECT
/*C11746*/SET SCHEMA PUBLIC
DISCONNECT
/*C11747*/SET SCHEMA PUBLIC
DISCONNECT
/*C11745*/SET SCHEMA PUBLIC
DISCONNECT
/*C11744*/SET SCHEMA PUBLIC
DISCONNECT
/*C11763*/SET SCHEMA PUBLIC
DISCONNECT
/*C11762*/SET SCHEMA PUBLIC
DISCONNECT
/*C11761*/SET SCHEMA PUBLIC
DISCONNECT
/*C11760*/SET SCHEMA PUBLIC
DISCONNECT
/*C11759*/SET SCHEMA PUBLIC
DISCONNECT
/*C11757*/SET SCHEMA PUBLIC
DISCONNECT
/*C11758*/SET SCHEMA PUBLIC
DISCONNECT
/*C11756*/SET SCHEMA PUBLIC
DISCONNECT
/*C11754*/SET SCHEMA PUBLIC
DISCONNECT
/*C11755*/SET SCHEMA PUBLIC
DISCONNECT
/*C11773*/SET SCHEMA PUBLIC
DISCONNECT
/*C11772*/SET SCHEMA PUBLIC
DISCONNECT
/*C11771*/SET SCHEMA PUBLIC
DISCONNECT
/*C11770*/SET SCHEMA PUBLIC
DISCONNECT
/*C11769*/SET SCHEMA PUBLIC
DISCONNECT
/*C11767*/SET SCHEMA PUBLIC
DISCONNECT
/*C11768*/SET SCHEMA PUBLIC
DISCONNECT
/*C11766*/SET SCHEMA PUBLIC
DISCONNECT
/*C11765*/SET SCHEMA PUBLIC
DISCONNECT
/*C11764*/SET SCHEMA PUBLIC
DISCONNECT
/*C11783*/SET SCHEMA PUBLIC
DISCONNECT
/*C11782*/SET SCHEMA PUBLIC
DISCONNECT
/*C11781*/SET SCHEMA PUBLIC
DISCONNECT
/*C11780*/SET SCHEMA PUBLIC
DISCONNECT
/*C11779*/SET SCHEMA PUBLIC
DISCONNECT
/*C11778*/SET SCHEMA PUBLIC
DISCONNECT
/*C11777*/SET SCHEMA PUBLIC
DISCONNECT
/*C11776*/SET SCHEMA PUBLIC
DISCONNECT
/*C11775*/SET SCHEMA PUBLIC
DISCONNECT
/*C11774*/SET SCHEMA PUBLIC
DISCONNECT
/*C11793*/SET SCHEMA PUBLIC
DISCONNECT
/*C11792*/SET SCHEMA PUBLIC
DISCONNECT
/*C11791*/SET SCHEMA PUBLIC
DISCONNECT
/*C11790*/SET SCHEMA PUBLIC
DISCONNECT
/*C11789*/SET SCHEMA PUBLIC
DISCONNECT
/*C11788*/SET SCHEMA PUBLIC
DISCONNECT
/*C11786*/SET SCHEMA PUBLIC
DISCONNECT
/*C11785*/SET SCHEMA PUBLIC
DISCONNECT
/*C11787*/SET SCHEMA PUBLIC
DISCONNECT
/*C11784*/SET SCHEMA PUBLIC
DISCONNECT
/*C11803*/SET SCHEMA PUBLIC
DISCONNECT
/*C11802*/SET SCHEMA PUBLIC
DISCONNECT
/*C11801*/SET SCHEMA PUBLIC
DISCONNECT
/*C11800*/SET SCHEMA PUBLIC
DISCONNECT
/*C11799*/SET SCHEMA PUBLIC
DISCONNECT
/*C11798*/SET SCHEMA PUBLIC
DISCONNECT
/*C11797*/SET SCHEMA PUBLIC
DISCONNECT
/*C11796*/SET SCHEMA PUBLIC
DISCONNECT
/*C11795*/SET SCHEMA PUBLIC
DISCONNECT
/*C11794*/SET SCHEMA PUBLIC
DISCONNECT
/*C11813*/SET SCHEMA PUBLIC
DISCONNECT
/*C11812*/SET SCHEMA PUBLIC
DISCONNECT
/*C11810*/SET SCHEMA PUBLIC
DISCONNECT
/*C11811*/SET SCHEMA PUBLIC
DISCONNECT
/*C11809*/SET SCHEMA PUBLIC
DISCONNECT
/*C11808*/SET SCHEMA PUBLIC
DISCONNECT
/*C11807*/SET SCHEMA PUBLIC
DISCONNECT
/*C11806*/SET SCHEMA PUBLIC
DISCONNECT
/*C11805*/SET SCHEMA PUBLIC
DISCONNECT
/*C11804*/SET SCHEMA PUBLIC
DISCONNECT
/*C11815*/SET SCHEMA PUBLIC
DISCONNECT
/*C11814*/SET SCHEMA PUBLIC
DISCONNECT
/*C11823*/SET SCHEMA PUBLIC
DISCONNECT
/*C11822*/SET SCHEMA PUBLIC
DISCONNECT
/*C11820*/SET SCHEMA PUBLIC
DISCONNECT
/*C11821*/SET SCHEMA PUBLIC
DISCONNECT
/*C11819*/SET SCHEMA PUBLIC
DISCONNECT
/*C11818*/SET SCHEMA PUBLIC
DISCONNECT
/*C11817*/SET SCHEMA PUBLIC
DISCONNECT
/*C11816*/SET SCHEMA PUBLIC
DISCONNECT
/*C11828*/SET SCHEMA PUBLIC
DISCONNECT
/*C11826*/SET SCHEMA PUBLIC
DISCONNECT
/*C11827*/SET SCHEMA PUBLIC
DISCONNECT
/*C11825*/SET SCHEMA PUBLIC
DISCONNECT
/*C11824*/SET SCHEMA PUBLIC
DISCONNECT
/*C11833*/SET SCHEMA PUBLIC
DISCONNECT
/*C11832*/SET SCHEMA PUBLIC
DISCONNECT
/*C11831*/SET SCHEMA PUBLIC
DISCONNECT
/*C11830*/SET SCHEMA PUBLIC
DISCONNECT
/*C11829*/SET SCHEMA PUBLIC
DISCONNECT
/*C11841*/SET SCHEMA PUBLIC
DISCONNECT
/*C11840*/SET SCHEMA PUBLIC
DISCONNECT
/*C11839*/SET SCHEMA PUBLIC
DISCONNECT
/*C11838*/SET SCHEMA PUBLIC
DISCONNECT
/*C11837*/SET SCHEMA PUBLIC
DISCONNECT
/*C11835*/SET SCHEMA PUBLIC
DISCONNECT
/*C11836*/SET SCHEMA PUBLIC
DISCONNECT
/*C11834*/SET SCHEMA PUBLIC
DISCONNECT
/*C11843*/SET SCHEMA PUBLIC
DISCONNECT
/*C11842*/SET SCHEMA PUBLIC
DISCONNECT
/*C11851*/SET SCHEMA PUBLIC
DISCONNECT
/*C11850*/SET SCHEMA PUBLIC
DISCONNECT
/*C11849*/SET SCHEMA PUBLIC
DISCONNECT
/*C11848*/SET SCHEMA PUBLIC
DISCONNECT
/*C11847*/SET SCHEMA PUBLIC
DISCONNECT
/*C11845*/SET SCHEMA PUBLIC
DISCONNECT
/*C11844*/SET SCHEMA PUBLIC
DISCONNECT
/*C11846*/SET SCHEMA PUBLIC
DISCONNECT
/*C11853*/SET SCHEMA PUBLIC
DISCONNECT
/*C11852*/SET SCHEMA PUBLIC
DISCONNECT
/*C11861*/SET SCHEMA PUBLIC
DISCONNECT
/*C11860*/SET SCHEMA PUBLIC
DISCONNECT
/*C11859*/SET SCHEMA PUBLIC
DISCONNECT
/*C11858*/SET SCHEMA PUBLIC
DISCONNECT
/*C11857*/SET SCHEMA PUBLIC
DISCONNECT
/*C11856*/SET SCHEMA PUBLIC
DISCONNECT
/*C11855*/SET SCHEMA PUBLIC
DISCONNECT
/*C11854*/SET SCHEMA PUBLIC
DISCONNECT
/*C11863*/SET SCHEMA PUBLIC
DISCONNECT
/*C11862*/SET SCHEMA PUBLIC
DISCONNECT
/*C11871*/SET SCHEMA PUBLIC
DISCONNECT
/*C11870*/SET SCHEMA PUBLIC
DISCONNECT
/*C11869*/SET SCHEMA PUBLIC
DISCONNECT
/*C11868*/SET SCHEMA PUBLIC
DISCONNECT
/*C11867*/SET SCHEMA PUBLIC
DISCONNECT
/*C11866*/SET SCHEMA PUBLIC
DISCONNECT
/*C11864*/SET SCHEMA PUBLIC
DISCONNECT
/*C11865*/SET SCHEMA PUBLIC
DISCONNECT
/*C11873*/SET SCHEMA PUBLIC
DISCONNECT
/*C11872*/SET SCHEMA PUBLIC
DISCONNECT
/*C11881*/SET SCHEMA PUBLIC
DISCONNECT
/*C11880*/SET SCHEMA PUBLIC
DISCONNECT
/*C11878*/SET SCHEMA PUBLIC
DISCONNECT
/*C11879*/SET SCHEMA PUBLIC
DISCONNECT
/*C11877*/SET SCHEMA PUBLIC
DISCONNECT
/*C11876*/SET SCHEMA PUBLIC
DISCONNECT
/*C11875*/SET SCHEMA PUBLIC
DISCONNECT
/*C11874*/SET SCHEMA PUBLIC
DISCONNECT
/*C11889*/SET SCHEMA PUBLIC
DISCONNECT
/*C11888*/SET SCHEMA PUBLIC
DISCONNECT
/*C11886*/SET SCHEMA PUBLIC
DISCONNECT
/*C11887*/SET SCHEMA PUBLIC
DISCONNECT
/*C11885*/SET SCHEMA PUBLIC
DISCONNECT
/*C11884*/SET SCHEMA PUBLIC
DISCONNECT
/*C11883*/SET SCHEMA PUBLIC
DISCONNECT
/*C11882*/SET SCHEMA PUBLIC
DISCONNECT
/*C11891*/SET SCHEMA PUBLIC
DISCONNECT
/*C11890*/SET SCHEMA PUBLIC
DISCONNECT
/*C11899*/SET SCHEMA PUBLIC
DISCONNECT
/*C11898*/SET SCHEMA PUBLIC
DISCONNECT
/*C11896*/SET SCHEMA PUBLIC
DISCONNECT
/*C11897*/SET SCHEMA PUBLIC
DISCONNECT
/*C11895*/SET SCHEMA PUBLIC
DISCONNECT
/*C11892*/SET SCHEMA PUBLIC
DISCONNECT
/*C11893*/SET SCHEMA PUBLIC
DISCONNECT
/*C11894*/SET SCHEMA PUBLIC
DISCONNECT
/*C11906*/SET SCHEMA PUBLIC
DISCONNECT
/*C11905*/SET SCHEMA PUBLIC
DISCONNECT
/*C11904*/SET SCHEMA PUBLIC
DISCONNECT
/*C11903*/SET SCHEMA PUBLIC
DISCONNECT
/*C11902*/SET SCHEMA PUBLIC
DISCONNECT
/*C11901*/SET SCHEMA PUBLIC
DISCONNECT
/*C11900*/SET SCHEMA PUBLIC
DISCONNECT
/*C11909*/SET SCHEMA PUBLIC
DISCONNECT
/*C11908*/SET SCHEMA PUBLIC
DISCONNECT
/*C11907*/SET SCHEMA PUBLIC
DISCONNECT
/*C11919*/SET SCHEMA PUBLIC
DISCONNECT
/*C11918*/SET SCHEMA PUBLIC
DISCONNECT
/*C11917*/SET SCHEMA PUBLIC
DISCONNECT
/*C11916*/SET SCHEMA PUBLIC
DISCONNECT
/*C11914*/SET SCHEMA PUBLIC
DISCONNECT
/*C11915*/SET SCHEMA PUBLIC
DISCONNECT
/*C11913*/SET SCHEMA PUBLIC
DISCONNECT
/*C11911*/SET SCHEMA PUBLIC
DISCONNECT
/*C11912*/SET SCHEMA PUBLIC
DISCONNECT
/*C11910*/SET SCHEMA PUBLIC
DISCONNECT
/*C11929*/SET SCHEMA PUBLIC
DISCONNECT
/*C11928*/SET SCHEMA PUBLIC
DISCONNECT
/*C11927*/SET SCHEMA PUBLIC
DISCONNECT
/*C11926*/SET SCHEMA PUBLIC
DISCONNECT
/*C11925*/SET SCHEMA PUBLIC
DISCONNECT
/*C11923*/SET SCHEMA PUBLIC
DISCONNECT
/*C11924*/SET SCHEMA PUBLIC
DISCONNECT
/*C11922*/SET SCHEMA PUBLIC
DISCONNECT
/*C11921*/SET SCHEMA PUBLIC
DISCONNECT
/*C11920*/SET SCHEMA PUBLIC
DISCONNECT
/*C11939*/SET SCHEMA PUBLIC
DISCONNECT
/*C11938*/SET SCHEMA PUBLIC
DISCONNECT
/*C11936*/SET SCHEMA PUBLIC
DISCONNECT
/*C11937*/SET SCHEMA PUBLIC
DISCONNECT
/*C11935*/SET SCHEMA PUBLIC
DISCONNECT
/*C11934*/SET SCHEMA PUBLIC
DISCONNECT
/*C11933*/SET SCHEMA PUBLIC
DISCONNECT
/*C11932*/SET SCHEMA PUBLIC
DISCONNECT
/*C11931*/SET SCHEMA PUBLIC
DISCONNECT
/*C11930*/SET SCHEMA PUBLIC
DISCONNECT
/*C11949*/SET SCHEMA PUBLIC
DISCONNECT
/*C11948*/SET SCHEMA PUBLIC
DISCONNECT
/*C11946*/SET SCHEMA PUBLIC
DISCONNECT
/*C11947*/SET SCHEMA PUBLIC
DISCONNECT
/*C11945*/SET SCHEMA PUBLIC
DISCONNECT
/*C11944*/SET SCHEMA PUBLIC
DISCONNECT
/*C11943*/SET SCHEMA PUBLIC
DISCONNECT
/*C11942*/SET SCHEMA PUBLIC
DISCONNECT
/*C11940*/SET SCHEMA PUBLIC
DISCONNECT
/*C11941*/SET SCHEMA PUBLIC
DISCONNECT
/*C11958*/SET SCHEMA PUBLIC
DISCONNECT
/*C11957*/SET SCHEMA PUBLIC
DISCONNECT
/*C11959*/SET SCHEMA PUBLIC
DISCONNECT
/*C11956*/SET SCHEMA PUBLIC
DISCONNECT
/*C11955*/SET SCHEMA PUBLIC
DISCONNECT
/*C11954*/SET SCHEMA PUBLIC
DISCONNECT
/*C11953*/SET SCHEMA PUBLIC
DISCONNECT
/*C11952*/SET SCHEMA PUBLIC
DISCONNECT
/*C11951*/SET SCHEMA PUBLIC
DISCONNECT
/*C11950*/SET SCHEMA PUBLIC
DISCONNECT
/*C11969*/SET SCHEMA PUBLIC
DISCONNECT
/*C11968*/SET SCHEMA PUBLIC
DISCONNECT
/*C11967*/SET SCHEMA PUBLIC
DISCONNECT
/*C11966*/SET SCHEMA PUBLIC
DISCONNECT
/*C11965*/SET SCHEMA PUBLIC
DISCONNECT
/*C11963*/SET SCHEMA PUBLIC
DISCONNECT
/*C11964*/SET SCHEMA PUBLIC
DISCONNECT
/*C11962*/SET SCHEMA PUBLIC
DISCONNECT
/*C11961*/SET SCHEMA PUBLIC
DISCONNECT
/*C11960*/SET SCHEMA PUBLIC
DISCONNECT
/*C11979*/SET SCHEMA PUBLIC
DISCONNECT
/*C11978*/SET SCHEMA PUBLIC
DISCONNECT
/*C11977*/SET SCHEMA PUBLIC
DISCONNECT
/*C11976*/SET SCHEMA PUBLIC
DISCONNECT
/*C11975*/SET SCHEMA PUBLIC
DISCONNECT
/*C11974*/SET SCHEMA PUBLIC
DISCONNECT
/*C11973*/SET SCHEMA PUBLIC
DISCONNECT
/*C11972*/SET SCHEMA PUBLIC
DISCONNECT
/*C11970*/SET SCHEMA PUBLIC
DISCONNECT
/*C11971*/SET SCHEMA PUBLIC
DISCONNECT
/*C11989*/SET SCHEMA PUBLIC
DISCONNECT
/*C11987*/SET SCHEMA PUBLIC
DISCONNECT
/*C11988*/SET SCHEMA PUBLIC
DISCONNECT
/*C11986*/SET SCHEMA PUBLIC
DISCONNECT
/*C11985*/SET SCHEMA PUBLIC
DISCONNECT
/*C11984*/SET SCHEMA PUBLIC
DISCONNECT
/*C11983*/SET SCHEMA PUBLIC
DISCONNECT
/*C11982*/SET SCHEMA PUBLIC
DISCONNECT
/*C11980*/SET SCHEMA PUBLIC
DISCONNECT
/*C11981*/SET SCHEMA PUBLIC
DISCONNECT
/*C11999*/SET SCHEMA PUBLIC
DISCONNECT
/*C11998*/SET SCHEMA PUBLIC
DISCONNECT
/*C11997*/SET SCHEMA PUBLIC
DISCONNECT
/*C11996*/SET SCHEMA PUBLIC
DISCONNECT
/*C11995*/SET SCHEMA PUBLIC
DISCONNECT
/*C11994*/SET SCHEMA PUBLIC
DISCONNECT
/*C11992*/SET SCHEMA PUBLIC
DISCONNECT
/*C11993*/SET SCHEMA PUBLIC
DISCONNECT
/*C11991*/SET SCHEMA PUBLIC
DISCONNECT
/*C11990*/SET SCHEMA PUBLIC
DISCONNECT
/*C12009*/SET SCHEMA PUBLIC
DISCONNECT
/*C12007*/SET SCHEMA PUBLIC
DISCONNECT
/*C12008*/SET SCHEMA PUBLIC
DISCONNECT
/*C12006*/SET SCHEMA PUBLIC
DISCONNECT
/*C12005*/SET SCHEMA PUBLIC
DISCONNECT
/*C12004*/SET SCHEMA PUBLIC
DISCONNECT
/*C12003*/SET SCHEMA PUBLIC
DISCONNECT
/*C12001*/SET SCHEMA PUBLIC
DISCONNECT
/*C12002*/SET SCHEMA PUBLIC
DISCONNECT
/*C12000*/SET SCHEMA PUBLIC
DISCONNECT
/*C12019*/SET SCHEMA PUBLIC
DISCONNECT
/*C12018*/SET SCHEMA PUBLIC
DISCONNECT
/*C12017*/SET SCHEMA PUBLIC
DISCONNECT
/*C12016*/SET SCHEMA PUBLIC
DISCONNECT
/*C12015*/SET SCHEMA PUBLIC
DISCONNECT
/*C12014*/SET SCHEMA PUBLIC
DISCONNECT
/*C12013*/SET SCHEMA PUBLIC
DISCONNECT
/*C12012*/SET SCHEMA PUBLIC
DISCONNECT
/*C12011*/SET SCHEMA PUBLIC
DISCONNECT
/*C12010*/SET SCHEMA PUBLIC
DISCONNECT
/*C12029*/SET SCHEMA PUBLIC
DISCONNECT
/*C12028*/SET SCHEMA PUBLIC
DISCONNECT
/*C12027*/SET SCHEMA PUBLIC
DISCONNECT
/*C12026*/SET SCHEMA PUBLIC
DISCONNECT
/*C12025*/SET SCHEMA PUBLIC
DISCONNECT
/*C12023*/SET SCHEMA PUBLIC
DISCONNECT
/*C12024*/SET SCHEMA PUBLIC
DISCONNECT
/*C12022*/SET SCHEMA PUBLIC
DISCONNECT
/*C12021*/SET SCHEMA PUBLIC
DISCONNECT
/*C12020*/SET SCHEMA PUBLIC
DISCONNECT
/*C12039*/SET SCHEMA PUBLIC
DISCONNECT
/*C12038*/SET SCHEMA PUBLIC
DISCONNECT
/*C12037*/SET SCHEMA PUBLIC
DISCONNECT
/*C12036*/SET SCHEMA PUBLIC
DISCONNECT
/*C12035*/SET SCHEMA PUBLIC
DISCONNECT
/*C12034*/SET SCHEMA PUBLIC
DISCONNECT
/*C12032*/SET SCHEMA PUBLIC
DISCONNECT
/*C12033*/SET SCHEMA PUBLIC
DISCONNECT
/*C12031*/SET SCHEMA PUBLIC
DISCONNECT
/*C12030*/SET SCHEMA PUBLIC
DISCONNECT
/*C12049*/SET SCHEMA PUBLIC
DISCONNECT
/*C12048*/SET SCHEMA PUBLIC
DISCONNECT
/*C12047*/SET SCHEMA PUBLIC
DISCONNECT
/*C12046*/SET SCHEMA PUBLIC
DISCONNECT
/*C12045*/SET SCHEMA PUBLIC
DISCONNECT
/*C12044*/SET SCHEMA PUBLIC
DISCONNECT
/*C12042*/SET SCHEMA PUBLIC
DISCONNECT
/*C12043*/SET SCHEMA PUBLIC
DISCONNECT
/*C12040*/SET SCHEMA PUBLIC
DISCONNECT
/*C12041*/SET SCHEMA PUBLIC
DISCONNECT
/*C12059*/SET SCHEMA PUBLIC
DISCONNECT
/*C12058*/SET SCHEMA PUBLIC
DISCONNECT
/*C12057*/SET SCHEMA PUBLIC
DISCONNECT
/*C12056*/SET SCHEMA PUBLIC
DISCONNECT
/*C12055*/SET SCHEMA PUBLIC
DISCONNECT
/*C12054*/SET SCHEMA PUBLIC
DISCONNECT
/*C12052*/SET SCHEMA PUBLIC
DISCONNECT
/*C12053*/SET SCHEMA PUBLIC
DISCONNECT
/*C12051*/SET SCHEMA PUBLIC
DISCONNECT
/*C12050*/SET SCHEMA PUBLIC
DISCONNECT
/*C12069*/SET SCHEMA PUBLIC
DISCONNECT
/*C12068*/SET SCHEMA PUBLIC
DISCONNECT
/*C12067*/SET SCHEMA PUBLIC
DISCONNECT
/*C12066*/SET SCHEMA PUBLIC
DISCONNECT
/*C12065*/SET SCHEMA PUBLIC
DISCONNECT
/*C12063*/SET SCHEMA PUBLIC
DISCONNECT
/*C12064*/SET SCHEMA PUBLIC
DISCONNECT
/*C12062*/SET SCHEMA PUBLIC
DISCONNECT
/*C12060*/SET SCHEMA PUBLIC
DISCONNECT
/*C12061*/SET SCHEMA PUBLIC
DISCONNECT
/*C12079*/SET SCHEMA PUBLIC
DISCONNECT
/*C12078*/SET SCHEMA PUBLIC
DISCONNECT
/*C12077*/SET SCHEMA PUBLIC
DISCONNECT
/*C12076*/SET SCHEMA PUBLIC
DISCONNECT
/*C12075*/SET SCHEMA PUBLIC
DISCONNECT
/*C12074*/SET SCHEMA PUBLIC
DISCONNECT
/*C12073*/SET SCHEMA PUBLIC
DISCONNECT
/*C12072*/SET SCHEMA PUBLIC
DISCONNECT
/*C12070*/SET SCHEMA PUBLIC
DISCONNECT
/*C12071*/SET SCHEMA PUBLIC
DISCONNECT
/*C12089*/SET SCHEMA PUBLIC
DISCONNECT
/*C12088*/SET SCHEMA PUBLIC
DISCONNECT
/*C12087*/SET SCHEMA PUBLIC
DISCONNECT
/*C12086*/SET SCHEMA PUBLIC
DISCONNECT
/*C12085*/SET SCHEMA PUBLIC
DISCONNECT
/*C12083*/SET SCHEMA PUBLIC
DISCONNECT
/*C12084*/SET SCHEMA PUBLIC
DISCONNECT
/*C12082*/SET SCHEMA PUBLIC
DISCONNECT
/*C12080*/SET SCHEMA PUBLIC
DISCONNECT
/*C12081*/SET SCHEMA PUBLIC
DISCONNECT
/*C12099*/SET SCHEMA PUBLIC
DISCONNECT
/*C12098*/SET SCHEMA PUBLIC
DISCONNECT
/*C12096*/SET SCHEMA PUBLIC
DISCONNECT
/*C12097*/SET SCHEMA PUBLIC
DISCONNECT
/*C12095*/SET SCHEMA PUBLIC
DISCONNECT
/*C12094*/SET SCHEMA PUBLIC
DISCONNECT
/*C12093*/SET SCHEMA PUBLIC
DISCONNECT
/*C12092*/SET SCHEMA PUBLIC
DISCONNECT
/*C12091*/SET SCHEMA PUBLIC
DISCONNECT
/*C12090*/SET SCHEMA PUBLIC
DISCONNECT
/*C12109*/SET SCHEMA PUBLIC
DISCONNECT
/*C12108*/SET SCHEMA PUBLIC
DISCONNECT
/*C12107*/SET SCHEMA PUBLIC
DISCONNECT
/*C12106*/SET SCHEMA PUBLIC
DISCONNECT
/*C12105*/SET SCHEMA PUBLIC
DISCONNECT
/*C12104*/SET SCHEMA PUBLIC
DISCONNECT
/*C12103*/SET SCHEMA PUBLIC
DISCONNECT
/*C12102*/SET SCHEMA PUBLIC
DISCONNECT
/*C12101*/SET SCHEMA PUBLIC
DISCONNECT
/*C12100*/SET SCHEMA PUBLIC
DISCONNECT
/*C12119*/SET SCHEMA PUBLIC
DISCONNECT
/*C12118*/SET SCHEMA PUBLIC
DISCONNECT
/*C12116*/SET SCHEMA PUBLIC
DISCONNECT
/*C12117*/SET SCHEMA PUBLIC
DISCONNECT
/*C12115*/SET SCHEMA PUBLIC
DISCONNECT
/*C12114*/SET SCHEMA PUBLIC
DISCONNECT
/*C12113*/SET SCHEMA PUBLIC
DISCONNECT
/*C12112*/SET SCHEMA PUBLIC
DISCONNECT
/*C12111*/SET SCHEMA PUBLIC
DISCONNECT
/*C12110*/SET SCHEMA PUBLIC
DISCONNECT
/*C12129*/SET SCHEMA PUBLIC
DISCONNECT
/*C12128*/SET SCHEMA PUBLIC
DISCONNECT
/*C12126*/SET SCHEMA PUBLIC
DISCONNECT
/*C12127*/SET SCHEMA PUBLIC
DISCONNECT
/*C12125*/SET SCHEMA PUBLIC
DISCONNECT
/*C12124*/SET SCHEMA PUBLIC
DISCONNECT
/*C12123*/SET SCHEMA PUBLIC
DISCONNECT
/*C12122*/SET SCHEMA PUBLIC
DISCONNECT
/*C12120*/SET SCHEMA PUBLIC
DISCONNECT
/*C12121*/SET SCHEMA PUBLIC
DISCONNECT
/*C12132*/SET SCHEMA PUBLIC
DISCONNECT
/*C12131*/SET SCHEMA PUBLIC
DISCONNECT
/*C12130*/SET SCHEMA PUBLIC
DISCONNECT
/*C12139*/SET SCHEMA PUBLIC
DISCONNECT
/*C12138*/SET SCHEMA PUBLIC
DISCONNECT
/*C12136*/SET SCHEMA PUBLIC
DISCONNECT
/*C12137*/SET SCHEMA PUBLIC
DISCONNECT
/*C12135*/SET SCHEMA PUBLIC
DISCONNECT
/*C12134*/SET SCHEMA PUBLIC
DISCONNECT
/*C12133*/SET SCHEMA PUBLIC
DISCONNECT
/*C12147*/SET SCHEMA PUBLIC
DISCONNECT
/*C12146*/SET SCHEMA PUBLIC
DISCONNECT
/*C12144*/SET SCHEMA PUBLIC
DISCONNECT
/*C12145*/SET SCHEMA PUBLIC
DISCONNECT
/*C12143*/SET SCHEMA PUBLIC
DISCONNECT
/*C12142*/SET SCHEMA PUBLIC
DISCONNECT
/*C12141*/SET SCHEMA PUBLIC
DISCONNECT
/*C12140*/SET SCHEMA PUBLIC
DISCONNECT
/*C12149*/SET SCHEMA PUBLIC
DISCONNECT
/*C12148*/SET SCHEMA PUBLIC
DISCONNECT
/*C12157*/SET SCHEMA PUBLIC
DISCONNECT
/*C12156*/SET SCHEMA PUBLIC
DISCONNECT
/*C12154*/SET SCHEMA PUBLIC
DISCONNECT
/*C12155*/SET SCHEMA PUBLIC
DISCONNECT
/*C12153*/SET SCHEMA PUBLIC
DISCONNECT
/*C12152*/SET SCHEMA PUBLIC
DISCONNECT
/*C12150*/SET SCHEMA PUBLIC
DISCONNECT
/*C12151*/SET SCHEMA PUBLIC
DISCONNECT
/*C12165*/SET SCHEMA PUBLIC
DISCONNECT
/*C12164*/SET SCHEMA PUBLIC
DISCONNECT
/*C12163*/SET SCHEMA PUBLIC
DISCONNECT
/*C12162*/SET SCHEMA PUBLIC
DISCONNECT
/*C12161*/SET SCHEMA PUBLIC
DISCONNECT
/*C12159*/SET SCHEMA PUBLIC
DISCONNECT
/*C12160*/SET SCHEMA PUBLIC
DISCONNECT
/*C12158*/SET SCHEMA PUBLIC
DISCONNECT
/*C12167*/SET SCHEMA PUBLIC
DISCONNECT
/*C12166*/SET SCHEMA PUBLIC
DISCONNECT
/*C12175*/SET SCHEMA PUBLIC
DISCONNECT
/*C12173*/SET SCHEMA PUBLIC
DISCONNECT
/*C12174*/SET SCHEMA PUBLIC
DISCONNECT
/*C12172*/SET SCHEMA PUBLIC
DISCONNECT
/*C12171*/SET SCHEMA PUBLIC
DISCONNECT
/*C12170*/SET SCHEMA PUBLIC
DISCONNECT
/*C12169*/SET SCHEMA PUBLIC
DISCONNECT
/*C12168*/SET SCHEMA PUBLIC
DISCONNECT
/*C12177*/SET SCHEMA PUBLIC
DISCONNECT
/*C12176*/SET SCHEMA PUBLIC
DISCONNECT
/*C12187*/SET SCHEMA PUBLIC
DISCONNECT
/*C12186*/SET SCHEMA PUBLIC
DISCONNECT
/*C12185*/SET SCHEMA PUBLIC
DISCONNECT
/*C12184*/SET SCHEMA PUBLIC
DISCONNECT
/*C12183*/SET SCHEMA PUBLIC
DISCONNECT
/*C12181*/SET SCHEMA PUBLIC
DISCONNECT
/*C12182*/SET SCHEMA PUBLIC
DISCONNECT
/*C12180*/SET SCHEMA PUBLIC
DISCONNECT
/*C12179*/SET SCHEMA PUBLIC
DISCONNECT
/*C12178*/SET SCHEMA PUBLIC
DISCONNECT
/*C12197*/SET SCHEMA PUBLIC
DISCONNECT
/*C12196*/SET SCHEMA PUBLIC
DISCONNECT
/*C12194*/SET SCHEMA PUBLIC
DISCONNECT
/*C12195*/SET SCHEMA PUBLIC
DISCONNECT
/*C12193*/SET SCHEMA PUBLIC
DISCONNECT
/*C12192*/SET SCHEMA PUBLIC
DISCONNECT
/*C12191*/SET SCHEMA PUBLIC
DISCONNECT
/*C12190*/SET SCHEMA PUBLIC
DISCONNECT
/*C12189*/SET SCHEMA PUBLIC
DISCONNECT
/*C12188*/SET SCHEMA PUBLIC
DISCONNECT
/*C12207*/SET SCHEMA PUBLIC
DISCONNECT
/*C12206*/SET SCHEMA PUBLIC
DISCONNECT
/*C12204*/SET SCHEMA PUBLIC
DISCONNECT
/*C12205*/SET SCHEMA PUBLIC
DISCONNECT
/*C12203*/SET SCHEMA PUBLIC
DISCONNECT
/*C12202*/SET SCHEMA PUBLIC
DISCONNECT
/*C12201*/SET SCHEMA PUBLIC
DISCONNECT
/*C12200*/SET SCHEMA PUBLIC
DISCONNECT
/*C12199*/SET SCHEMA PUBLIC
DISCONNECT
/*C12198*/SET SCHEMA PUBLIC
DISCONNECT
/*C12217*/SET SCHEMA PUBLIC
DISCONNECT
/*C12216*/SET SCHEMA PUBLIC
DISCONNECT
/*C12214*/SET SCHEMA PUBLIC
DISCONNECT
/*C12215*/SET SCHEMA PUBLIC
DISCONNECT
/*C12213*/SET SCHEMA PUBLIC
DISCONNECT
/*C12212*/SET SCHEMA PUBLIC
DISCONNECT
/*C12211*/SET SCHEMA PUBLIC
DISCONNECT
/*C12210*/SET SCHEMA PUBLIC
DISCONNECT
/*C12209*/SET SCHEMA PUBLIC
DISCONNECT
/*C12208*/SET SCHEMA PUBLIC
DISCONNECT
/*C12227*/SET SCHEMA PUBLIC
DISCONNECT
/*C12226*/SET SCHEMA PUBLIC
DISCONNECT
/*C12224*/SET SCHEMA PUBLIC
DISCONNECT
/*C12225*/SET SCHEMA PUBLIC
DISCONNECT
/*C12223*/SET SCHEMA PUBLIC
DISCONNECT
/*C12222*/SET SCHEMA PUBLIC
DISCONNECT
/*C12221*/SET SCHEMA PUBLIC
DISCONNECT
/*C12220*/SET SCHEMA PUBLIC
DISCONNECT
/*C12219*/SET SCHEMA PUBLIC
DISCONNECT
/*C12218*/SET SCHEMA PUBLIC
DISCONNECT
/*C12237*/SET SCHEMA PUBLIC
DISCONNECT
/*C12236*/SET SCHEMA PUBLIC
DISCONNECT
/*C12234*/SET SCHEMA PUBLIC
DISCONNECT
/*C12235*/SET SCHEMA PUBLIC
DISCONNECT
/*C12233*/SET SCHEMA PUBLIC
DISCONNECT
/*C12232*/SET SCHEMA PUBLIC
DISCONNECT
/*C12231*/SET SCHEMA PUBLIC
DISCONNECT
/*C12230*/SET SCHEMA PUBLIC
DISCONNECT
/*C12229*/SET SCHEMA PUBLIC
DISCONNECT
/*C12228*/SET SCHEMA PUBLIC
DISCONNECT
/*C12239*/SET SCHEMA PUBLIC
DISCONNECT
/*C12238*/SET SCHEMA PUBLIC
DISCONNECT
/*C12247*/SET SCHEMA PUBLIC
DISCONNECT
/*C12246*/SET SCHEMA PUBLIC
DISCONNECT
/*C12245*/SET SCHEMA PUBLIC
DISCONNECT
/*C12244*/SET SCHEMA PUBLIC
DISCONNECT
/*C12243*/SET SCHEMA PUBLIC
DISCONNECT
/*C12242*/SET SCHEMA PUBLIC
DISCONNECT
/*C12241*/SET SCHEMA PUBLIC
DISCONNECT
/*C12240*/SET SCHEMA PUBLIC
DISCONNECT
/*C12249*/SET SCHEMA PUBLIC
DISCONNECT
/*C12248*/SET SCHEMA PUBLIC
DISCONNECT
/*C12259*/SET SCHEMA PUBLIC
DISCONNECT
/*C12258*/SET SCHEMA PUBLIC
DISCONNECT
/*C12257*/SET SCHEMA PUBLIC
DISCONNECT
/*C12256*/SET SCHEMA PUBLIC
DISCONNECT
/*C12255*/SET SCHEMA PUBLIC
DISCONNECT
/*C12254*/SET SCHEMA PUBLIC
DISCONNECT
/*C12253*/SET SCHEMA PUBLIC
DISCONNECT
/*C12252*/SET SCHEMA PUBLIC
DISCONNECT
/*C12251*/SET SCHEMA PUBLIC
DISCONNECT
/*C12250*/SET SCHEMA PUBLIC
DISCONNECT
/*C12269*/SET SCHEMA PUBLIC
DISCONNECT
/*C12268*/SET SCHEMA PUBLIC
DISCONNECT
/*C12266*/SET SCHEMA PUBLIC
DISCONNECT
/*C12267*/SET SCHEMA PUBLIC
DISCONNECT
/*C12265*/SET SCHEMA PUBLIC
DISCONNECT
/*C12264*/SET SCHEMA PUBLIC
DISCONNECT
/*C12263*/SET SCHEMA PUBLIC
DISCONNECT
/*C12262*/SET SCHEMA PUBLIC
DISCONNECT
/*C12261*/SET SCHEMA PUBLIC
DISCONNECT
/*C12260*/SET SCHEMA PUBLIC
DISCONNECT
/*C12279*/SET SCHEMA PUBLIC
DISCONNECT
/*C12278*/SET SCHEMA PUBLIC
DISCONNECT
/*C12276*/SET SCHEMA PUBLIC
DISCONNECT
/*C12277*/SET SCHEMA PUBLIC
DISCONNECT
/*C12275*/SET SCHEMA PUBLIC
DISCONNECT
/*C12274*/SET SCHEMA PUBLIC
DISCONNECT
/*C12273*/SET SCHEMA PUBLIC
DISCONNECT
/*C12272*/SET SCHEMA PUBLIC
DISCONNECT
/*C12271*/SET SCHEMA PUBLIC
DISCONNECT
/*C12270*/SET SCHEMA PUBLIC
DISCONNECT
/*C12289*/SET SCHEMA PUBLIC
DISCONNECT
/*C12287*/SET SCHEMA PUBLIC
DISCONNECT
/*C12288*/SET SCHEMA PUBLIC
DISCONNECT
/*C12286*/SET SCHEMA PUBLIC
DISCONNECT
/*C12283*/SET SCHEMA PUBLIC
DISCONNECT
/*C12285*/SET SCHEMA PUBLIC
DISCONNECT
/*C12284*/SET SCHEMA PUBLIC
DISCONNECT
/*C12282*/SET SCHEMA PUBLIC
DISCONNECT
/*C12281*/SET SCHEMA PUBLIC
DISCONNECT
/*C12280*/SET SCHEMA PUBLIC
DISCONNECT
/*C12299*/SET SCHEMA PUBLIC
DISCONNECT
/*C12298*/SET SCHEMA PUBLIC
DISCONNECT
/*C12297*/SET SCHEMA PUBLIC
DISCONNECT
/*C12296*/SET SCHEMA PUBLIC
DISCONNECT
/*C12295*/SET SCHEMA PUBLIC
DISCONNECT
/*C12294*/SET SCHEMA PUBLIC
DISCONNECT
/*C12292*/SET SCHEMA PUBLIC
DISCONNECT
/*C12293*/SET SCHEMA PUBLIC
DISCONNECT
/*C12291*/SET SCHEMA PUBLIC
DISCONNECT
/*C12290*/SET SCHEMA PUBLIC
DISCONNECT
/*C12309*/SET SCHEMA PUBLIC
DISCONNECT
/*C12308*/SET SCHEMA PUBLIC
DISCONNECT
/*C12307*/SET SCHEMA PUBLIC
DISCONNECT
/*C12306*/SET SCHEMA PUBLIC
DISCONNECT
/*C12305*/SET SCHEMA PUBLIC
DISCONNECT
/*C12304*/SET SCHEMA PUBLIC
DISCONNECT
/*C12303*/SET SCHEMA PUBLIC
DISCONNECT
/*C12302*/SET SCHEMA PUBLIC
DISCONNECT
/*C12300*/SET SCHEMA PUBLIC
DISCONNECT
/*C12301*/SET SCHEMA PUBLIC
DISCONNECT
/*C12319*/SET SCHEMA PUBLIC
DISCONNECT
/*C12318*/SET SCHEMA PUBLIC
DISCONNECT
/*C12317*/SET SCHEMA PUBLIC
DISCONNECT
/*C12316*/SET SCHEMA PUBLIC
DISCONNECT
/*C12315*/SET SCHEMA PUBLIC
DISCONNECT
/*C12314*/SET SCHEMA PUBLIC
DISCONNECT
/*C12313*/SET SCHEMA PUBLIC
DISCONNECT
/*C12312*/SET SCHEMA PUBLIC
DISCONNECT
/*C12310*/SET SCHEMA PUBLIC
DISCONNECT
/*C12311*/SET SCHEMA PUBLIC
DISCONNECT
/*C12329*/SET SCHEMA PUBLIC
DISCONNECT
/*C12328*/SET SCHEMA PUBLIC
DISCONNECT
/*C12327*/SET SCHEMA PUBLIC
DISCONNECT
/*C12326*/SET SCHEMA PUBLIC
DISCONNECT
/*C12325*/SET SCHEMA PUBLIC
DISCONNECT
/*C12324*/SET SCHEMA PUBLIC
DISCONNECT
/*C12323*/SET SCHEMA PUBLIC
DISCONNECT
/*C12322*/SET SCHEMA PUBLIC
DISCONNECT
/*C12321*/SET SCHEMA PUBLIC
DISCONNECT
/*C12320*/SET SCHEMA PUBLIC
DISCONNECT
/*C12339*/SET SCHEMA PUBLIC
DISCONNECT
/*C12338*/SET SCHEMA PUBLIC
DISCONNECT
/*C12337*/SET SCHEMA PUBLIC
DISCONNECT
/*C12336*/SET SCHEMA PUBLIC
DISCONNECT
/*C12335*/SET SCHEMA PUBLIC
DISCONNECT
/*C12334*/SET SCHEMA PUBLIC
DISCONNECT
/*C12333*/SET SCHEMA PUBLIC
DISCONNECT
/*C12332*/SET SCHEMA PUBLIC
DISCONNECT
/*C12331*/SET SCHEMA PUBLIC
DISCONNECT
/*C12330*/SET SCHEMA PUBLIC
DISCONNECT
/*C12349*/SET SCHEMA PUBLIC
DISCONNECT
/*C12348*/SET SCHEMA PUBLIC
DISCONNECT
/*C12347*/SET SCHEMA PUBLIC
DISCONNECT
/*C12345*/SET SCHEMA PUBLIC
DISCONNECT
/*C12346*/SET SCHEMA PUBLIC
DISCONNECT
/*C12344*/SET SCHEMA PUBLIC
DISCONNECT
/*C12343*/SET SCHEMA PUBLIC
DISCONNECT
/*C12342*/SET SCHEMA PUBLIC
DISCONNECT
/*C12340*/SET SCHEMA PUBLIC
DISCONNECT
/*C12341*/SET SCHEMA PUBLIC
DISCONNECT
/*C12359*/SET SCHEMA PUBLIC
DISCONNECT
/*C12358*/SET SCHEMA PUBLIC
DISCONNECT
/*C12357*/SET SCHEMA PUBLIC
DISCONNECT
/*C12356*/SET SCHEMA PUBLIC
DISCONNECT
/*C12355*/SET SCHEMA PUBLIC
DISCONNECT
/*C12354*/SET SCHEMA PUBLIC
DISCONNECT
/*C12353*/SET SCHEMA PUBLIC
DISCONNECT
/*C12352*/SET SCHEMA PUBLIC
DISCONNECT
/*C12350*/SET SCHEMA PUBLIC
DISCONNECT
/*C12351*/SET SCHEMA PUBLIC
DISCONNECT
/*C12369*/SET SCHEMA PUBLIC
DISCONNECT
/*C12368*/SET SCHEMA PUBLIC
DISCONNECT
/*C12367*/SET SCHEMA PUBLIC
DISCONNECT
/*C12366*/SET SCHEMA PUBLIC
DISCONNECT
/*C12365*/SET SCHEMA PUBLIC
DISCONNECT
/*C12364*/SET SCHEMA PUBLIC
DISCONNECT
/*C12363*/SET SCHEMA PUBLIC
DISCONNECT
/*C12362*/SET SCHEMA PUBLIC
DISCONNECT
/*C12361*/SET SCHEMA PUBLIC
DISCONNECT
/*C12360*/SET SCHEMA PUBLIC
DISCONNECT
/*C12379*/SET SCHEMA PUBLIC
DISCONNECT
/*C12378*/SET SCHEMA PUBLIC
DISCONNECT
/*C12377*/SET SCHEMA PUBLIC
DISCONNECT
/*C12376*/SET SCHEMA PUBLIC
DISCONNECT
/*C12375*/SET SCHEMA PUBLIC
DISCONNECT
/*C12374*/SET SCHEMA PUBLIC
DISCONNECT
/*C12373*/SET SCHEMA PUBLIC
DISCONNECT
/*C12372*/SET SCHEMA PUBLIC
DISCONNECT
/*C12370*/SET SCHEMA PUBLIC
DISCONNECT
/*C12371*/SET SCHEMA PUBLIC
DISCONNECT
/*C12389*/SET SCHEMA PUBLIC
DISCONNECT
/*C12388*/SET SCHEMA PUBLIC
DISCONNECT
/*C12387*/SET SCHEMA PUBLIC
DISCONNECT
/*C12386*/SET SCHEMA PUBLIC
DISCONNECT
/*C12385*/SET SCHEMA PUBLIC
DISCONNECT
/*C12384*/SET SCHEMA PUBLIC
DISCONNECT
/*C12383*/SET SCHEMA PUBLIC
DISCONNECT
/*C12382*/SET SCHEMA PUBLIC
DISCONNECT
/*C12381*/SET SCHEMA PUBLIC
DISCONNECT
/*C12380*/SET SCHEMA PUBLIC
DISCONNECT
/*C12399*/SET SCHEMA PUBLIC
DISCONNECT
/*C12397*/SET SCHEMA PUBLIC
DISCONNECT
/*C12398*/SET SCHEMA PUBLIC
DISCONNECT
/*C12396*/SET SCHEMA PUBLIC
DISCONNECT
/*C12395*/SET SCHEMA PUBLIC
DISCONNECT
/*C12394*/SET SCHEMA PUBLIC
DISCONNECT
/*C12393*/SET SCHEMA PUBLIC
DISCONNECT
/*C12392*/SET SCHEMA PUBLIC
DISCONNECT
/*C12390*/SET SCHEMA PUBLIC
DISCONNECT
/*C12391*/SET SCHEMA PUBLIC
DISCONNECT
/*C12409*/SET SCHEMA PUBLIC
DISCONNECT
/*C12408*/SET SCHEMA PUBLIC
DISCONNECT
/*C12407*/SET SCHEMA PUBLIC
DISCONNECT
/*C12406*/SET SCHEMA PUBLIC
DISCONNECT
/*C12405*/SET SCHEMA PUBLIC
DISCONNECT
/*C12404*/SET SCHEMA PUBLIC
DISCONNECT
/*C12403*/SET SCHEMA PUBLIC
DISCONNECT
/*C12402*/SET SCHEMA PUBLIC
DISCONNECT
/*C12401*/SET SCHEMA PUBLIC
DISCONNECT
/*C12400*/SET SCHEMA PUBLIC
DISCONNECT
/*C12419*/SET SCHEMA PUBLIC
DISCONNECT
/*C12418*/SET SCHEMA PUBLIC
DISCONNECT
/*C12417*/SET SCHEMA PUBLIC
DISCONNECT
/*C12416*/SET SCHEMA PUBLIC
DISCONNECT
/*C12415*/SET SCHEMA PUBLIC
DISCONNECT
/*C12414*/SET SCHEMA PUBLIC
DISCONNECT
/*C12413*/SET SCHEMA PUBLIC
DISCONNECT
/*C12412*/SET SCHEMA PUBLIC
DISCONNECT
/*C12411*/SET SCHEMA PUBLIC
DISCONNECT
/*C12410*/SET SCHEMA PUBLIC
DISCONNECT
/*C12429*/SET SCHEMA PUBLIC
DISCONNECT
/*C12428*/SET SCHEMA PUBLIC
DISCONNECT
/*C12427*/SET SCHEMA PUBLIC
DISCONNECT
/*C12426*/SET SCHEMA PUBLIC
DISCONNECT
/*C12425*/SET SCHEMA PUBLIC
DISCONNECT
/*C12424*/SET SCHEMA PUBLIC
DISCONNECT
/*C12423*/SET SCHEMA PUBLIC
DISCONNECT
/*C12422*/SET SCHEMA PUBLIC
DISCONNECT
/*C12421*/SET SCHEMA PUBLIC
DISCONNECT
/*C12420*/SET SCHEMA PUBLIC
DISCONNECT
/*C12439*/SET SCHEMA PUBLIC
DISCONNECT
/*C12438*/SET SCHEMA PUBLIC
DISCONNECT
/*C12437*/SET SCHEMA PUBLIC
DISCONNECT
/*C12436*/SET SCHEMA PUBLIC
DISCONNECT
/*C12435*/SET SCHEMA PUBLIC
DISCONNECT
/*C12434*/SET SCHEMA PUBLIC
DISCONNECT
/*C12433*/SET SCHEMA PUBLIC
DISCONNECT
/*C12432*/SET SCHEMA PUBLIC
DISCONNECT
/*C12431*/SET SCHEMA PUBLIC
DISCONNECT
/*C12430*/SET SCHEMA PUBLIC
DISCONNECT
/*C12449*/SET SCHEMA PUBLIC
DISCONNECT
/*C12448*/SET SCHEMA PUBLIC
DISCONNECT
/*C12446*/SET SCHEMA PUBLIC
DISCONNECT
/*C12447*/SET SCHEMA PUBLIC
DISCONNECT
/*C12445*/SET SCHEMA PUBLIC
DISCONNECT
/*C12444*/SET SCHEMA PUBLIC
DISCONNECT
/*C12443*/SET SCHEMA PUBLIC
DISCONNECT
/*C12442*/SET SCHEMA PUBLIC
DISCONNECT
/*C12441*/SET SCHEMA PUBLIC
DISCONNECT
/*C12440*/SET SCHEMA PUBLIC
DISCONNECT
/*C12459*/SET SCHEMA PUBLIC
DISCONNECT
/*C12458*/SET SCHEMA PUBLIC
DISCONNECT
/*C12456*/SET SCHEMA PUBLIC
DISCONNECT
/*C12457*/SET SCHEMA PUBLIC
DISCONNECT
/*C12455*/SET SCHEMA PUBLIC
DISCONNECT
/*C12454*/SET SCHEMA PUBLIC
DISCONNECT
/*C12453*/SET SCHEMA PUBLIC
DISCONNECT
/*C12452*/SET SCHEMA PUBLIC
DISCONNECT
/*C12451*/SET SCHEMA PUBLIC
DISCONNECT
/*C12450*/SET SCHEMA PUBLIC
DISCONNECT
/*C12469*/SET SCHEMA PUBLIC
DISCONNECT
/*C12468*/SET SCHEMA PUBLIC
DISCONNECT
/*C12466*/SET SCHEMA PUBLIC
DISCONNECT
/*C12467*/SET SCHEMA PUBLIC
DISCONNECT
/*C12465*/SET SCHEMA PUBLIC
DISCONNECT
/*C12464*/SET SCHEMA PUBLIC
DISCONNECT
/*C12463*/SET SCHEMA PUBLIC
DISCONNECT
/*C12462*/SET SCHEMA PUBLIC
DISCONNECT
/*C12461*/SET SCHEMA PUBLIC
DISCONNECT
/*C12460*/SET SCHEMA PUBLIC
DISCONNECT
/*C12470*/SET SCHEMA PUBLIC
DISCONNECT
/*C12471*/SET SCHEMA PUBLIC
DISCONNECT
/*C12479*/SET SCHEMA PUBLIC
DISCONNECT
/*C12478*/SET SCHEMA PUBLIC
DISCONNECT
/*C12476*/SET SCHEMA PUBLIC
DISCONNECT
/*C12477*/SET SCHEMA PUBLIC
DISCONNECT
/*C12475*/SET SCHEMA PUBLIC
DISCONNECT
/*C12474*/SET SCHEMA PUBLIC
DISCONNECT
/*C12473*/SET SCHEMA PUBLIC
DISCONNECT
/*C12472*/SET SCHEMA PUBLIC
DISCONNECT
/*C12481*/SET SCHEMA PUBLIC
DISCONNECT
/*C12480*/SET SCHEMA PUBLIC
DISCONNECT
/*C12489*/SET SCHEMA PUBLIC
DISCONNECT
/*C12488*/SET SCHEMA PUBLIC
DISCONNECT
/*C12486*/SET SCHEMA PUBLIC
DISCONNECT
/*C12487*/SET SCHEMA PUBLIC
DISCONNECT
/*C12485*/SET SCHEMA PUBLIC
DISCONNECT
/*C12484*/SET SCHEMA PUBLIC
DISCONNECT
/*C12483*/SET SCHEMA PUBLIC
DISCONNECT
/*C12482*/SET SCHEMA PUBLIC
DISCONNECT
/*C12496*/SET SCHEMA PUBLIC
DISCONNECT
/*C12495*/SET SCHEMA PUBLIC
DISCONNECT
/*C12494*/SET SCHEMA PUBLIC
DISCONNECT
/*C12493*/SET SCHEMA PUBLIC
DISCONNECT
/*C12492*/SET SCHEMA PUBLIC
DISCONNECT
/*C12491*/SET SCHEMA PUBLIC
DISCONNECT
/*C12490*/SET SCHEMA PUBLIC
DISCONNECT
/*C12499*/SET SCHEMA PUBLIC
DISCONNECT
/*C12498*/SET SCHEMA PUBLIC
DISCONNECT
/*C12497*/SET SCHEMA PUBLIC
DISCONNECT
/*C12509*/SET SCHEMA PUBLIC
DISCONNECT
/*C12508*/SET SCHEMA PUBLIC
DISCONNECT
/*C12507*/SET SCHEMA PUBLIC
DISCONNECT
/*C12506*/SET SCHEMA PUBLIC
DISCONNECT
/*C12505*/SET SCHEMA PUBLIC
DISCONNECT
/*C12504*/SET SCHEMA PUBLIC
DISCONNECT
/*C12503*/SET SCHEMA PUBLIC
DISCONNECT
/*C12502*/SET SCHEMA PUBLIC
DISCONNECT
/*C12501*/SET SCHEMA PUBLIC
DISCONNECT
/*C12500*/SET SCHEMA PUBLIC
DISCONNECT
/*C12519*/SET SCHEMA PUBLIC
DISCONNECT
/*C12518*/SET SCHEMA PUBLIC
DISCONNECT
/*C12517*/SET SCHEMA PUBLIC
DISCONNECT
/*C12516*/SET SCHEMA PUBLIC
DISCONNECT
/*C12515*/SET SCHEMA PUBLIC
DISCONNECT
/*C12514*/SET SCHEMA PUBLIC
DISCONNECT
/*C12511*/SET SCHEMA PUBLIC
DISCONNECT
/*C12512*/SET SCHEMA PUBLIC
DISCONNECT
/*C12513*/SET SCHEMA PUBLIC
DISCONNECT
/*C12510*/SET SCHEMA PUBLIC
DISCONNECT
/*C12529*/SET SCHEMA PUBLIC
DISCONNECT
/*C12528*/SET SCHEMA PUBLIC
DISCONNECT
/*C12526*/SET SCHEMA PUBLIC
DISCONNECT
/*C12527*/SET SCHEMA PUBLIC
DISCONNECT
/*C12525*/SET SCHEMA PUBLIC
DISCONNECT
/*C12524*/SET SCHEMA PUBLIC
DISCONNECT
/*C12523*/SET SCHEMA PUBLIC
DISCONNECT
/*C12522*/SET SCHEMA PUBLIC
DISCONNECT
/*C12521*/SET SCHEMA PUBLIC
DISCONNECT
/*C12520*/SET SCHEMA PUBLIC
DISCONNECT
/*C12539*/SET SCHEMA PUBLIC
DISCONNECT
/*C12538*/SET SCHEMA PUBLIC
DISCONNECT
/*C12536*/SET SCHEMA PUBLIC
DISCONNECT
/*C12537*/SET SCHEMA PUBLIC
DISCONNECT
/*C12535*/SET SCHEMA PUBLIC
DISCONNECT
/*C12534*/SET SCHEMA PUBLIC
DISCONNECT
/*C12533*/SET SCHEMA PUBLIC
DISCONNECT
/*C12532*/SET SCHEMA PUBLIC
DISCONNECT
/*C12531*/SET SCHEMA PUBLIC
DISCONNECT
/*C12530*/SET SCHEMA PUBLIC
DISCONNECT
/*C12549*/SET SCHEMA PUBLIC
DISCONNECT
/*C12548*/SET SCHEMA PUBLIC
DISCONNECT
/*C12546*/SET SCHEMA PUBLIC
DISCONNECT
/*C12547*/SET SCHEMA PUBLIC
DISCONNECT
/*C12545*/SET SCHEMA PUBLIC
DISCONNECT
/*C12544*/SET SCHEMA PUBLIC
DISCONNECT
/*C12543*/SET SCHEMA PUBLIC
DISCONNECT
/*C12542*/SET SCHEMA PUBLIC
DISCONNECT
/*C12541*/SET SCHEMA PUBLIC
DISCONNECT
/*C12540*/SET SCHEMA PUBLIC
DISCONNECT
/*C12559*/SET SCHEMA PUBLIC
DISCONNECT
/*C12558*/SET SCHEMA PUBLIC
DISCONNECT
/*C12556*/SET SCHEMA PUBLIC
DISCONNECT
/*C12557*/SET SCHEMA PUBLIC
DISCONNECT
/*C12555*/SET SCHEMA PUBLIC
DISCONNECT
/*C12554*/SET SCHEMA PUBLIC
DISCONNECT
/*C12553*/SET SCHEMA PUBLIC
DISCONNECT
/*C12552*/SET SCHEMA PUBLIC
DISCONNECT
/*C12551*/SET SCHEMA PUBLIC
DISCONNECT
/*C12550*/SET SCHEMA PUBLIC
DISCONNECT
/*C12569*/SET SCHEMA PUBLIC
DISCONNECT
/*C12568*/SET SCHEMA PUBLIC
DISCONNECT
/*C12566*/SET SCHEMA PUBLIC
DISCONNECT
/*C12567*/SET SCHEMA PUBLIC
DISCONNECT
/*C12565*/SET SCHEMA PUBLIC
DISCONNECT
/*C12564*/SET SCHEMA PUBLIC
DISCONNECT
/*C12563*/SET SCHEMA PUBLIC
DISCONNECT
/*C12561*/SET SCHEMA PUBLIC
DISCONNECT
/*C12562*/SET SCHEMA PUBLIC
DISCONNECT
/*C12560*/SET SCHEMA PUBLIC
DISCONNECT
/*C12571*/SET SCHEMA PUBLIC
DISCONNECT
/*C12570*/SET SCHEMA PUBLIC
DISCONNECT
/*C12579*/SET SCHEMA PUBLIC
DISCONNECT
/*C12578*/SET SCHEMA PUBLIC
DISCONNECT
/*C12577*/SET SCHEMA PUBLIC
DISCONNECT
/*C12576*/SET SCHEMA PUBLIC
DISCONNECT
/*C12575*/SET SCHEMA PUBLIC
DISCONNECT
/*C12573*/SET SCHEMA PUBLIC
DISCONNECT
/*C12574*/SET SCHEMA PUBLIC
DISCONNECT
/*C12572*/SET SCHEMA PUBLIC
DISCONNECT
/*C12581*/SET SCHEMA PUBLIC
DISCONNECT
/*C12580*/SET SCHEMA PUBLIC
DISCONNECT
/*C12591*/SET SCHEMA PUBLIC
DISCONNECT
/*C12590*/SET SCHEMA PUBLIC
DISCONNECT
/*C12589*/SET SCHEMA PUBLIC
DISCONNECT
/*C12588*/SET SCHEMA PUBLIC
DISCONNECT
/*C12587*/SET SCHEMA PUBLIC
DISCONNECT
/*C12586*/SET SCHEMA PUBLIC
DISCONNECT
/*C12585*/SET SCHEMA PUBLIC
DISCONNECT
/*C12583*/SET SCHEMA PUBLIC
DISCONNECT
/*C12584*/SET SCHEMA PUBLIC
DISCONNECT
/*C12582*/SET SCHEMA PUBLIC
DISCONNECT
/*C12601*/SET SCHEMA PUBLIC
DISCONNECT
/*C12600*/SET SCHEMA PUBLIC
DISCONNECT
/*C12598*/SET SCHEMA PUBLIC
DISCONNECT
/*C12599*/SET SCHEMA PUBLIC
DISCONNECT
/*C12597*/SET SCHEMA PUBLIC
DISCONNECT
/*C12596*/SET SCHEMA PUBLIC
DISCONNECT
/*C12595*/SET SCHEMA PUBLIC
DISCONNECT
/*C12594*/SET SCHEMA PUBLIC
DISCONNECT
/*C12593*/SET SCHEMA PUBLIC
DISCONNECT
/*C12592*/SET SCHEMA PUBLIC
DISCONNECT
/*C12611*/SET SCHEMA PUBLIC
DISCONNECT
/*C12610*/SET SCHEMA PUBLIC
DISCONNECT
/*C12609*/SET SCHEMA PUBLIC
DISCONNECT
/*C12608*/SET SCHEMA PUBLIC
DISCONNECT
/*C12607*/SET SCHEMA PUBLIC
DISCONNECT
/*C12606*/SET SCHEMA PUBLIC
DISCONNECT
/*C12605*/SET SCHEMA PUBLIC
DISCONNECT
/*C12604*/SET SCHEMA PUBLIC
DISCONNECT
/*C12603*/SET SCHEMA PUBLIC
DISCONNECT
/*C12602*/SET SCHEMA PUBLIC
DISCONNECT
/*C12621*/SET SCHEMA PUBLIC
DISCONNECT
/*C12620*/SET SCHEMA PUBLIC
DISCONNECT
/*C12619*/SET SCHEMA PUBLIC
DISCONNECT
/*C12618*/SET SCHEMA PUBLIC
DISCONNECT
/*C12617*/SET SCHEMA PUBLIC
DISCONNECT
/*C12616*/SET SCHEMA PUBLIC
DISCONNECT
/*C12615*/SET SCHEMA PUBLIC
DISCONNECT
/*C12613*/SET SCHEMA PUBLIC
DISCONNECT
/*C12614*/SET SCHEMA PUBLIC
DISCONNECT
/*C12612*/SET SCHEMA PUBLIC
DISCONNECT
/*C12631*/SET SCHEMA PUBLIC
DISCONNECT
/*C12630*/SET SCHEMA PUBLIC
DISCONNECT
/*C12629*/SET SCHEMA PUBLIC
DISCONNECT
/*C12628*/SET SCHEMA PUBLIC
DISCONNECT
/*C12627*/SET SCHEMA PUBLIC
DISCONNECT
/*C12626*/SET SCHEMA PUBLIC
DISCONNECT
/*C12625*/SET SCHEMA PUBLIC
DISCONNECT
/*C12624*/SET SCHEMA PUBLIC
DISCONNECT
/*C12623*/SET SCHEMA PUBLIC
DISCONNECT
/*C12622*/SET SCHEMA PUBLIC
DISCONNECT
/*C12641*/SET SCHEMA PUBLIC
DISCONNECT
/*C12640*/SET SCHEMA PUBLIC
DISCONNECT
/*C12639*/SET SCHEMA PUBLIC
DISCONNECT
/*C12638*/SET SCHEMA PUBLIC
DISCONNECT
/*C12637*/SET SCHEMA PUBLIC
DISCONNECT
/*C12636*/SET SCHEMA PUBLIC
DISCONNECT
/*C12635*/SET SCHEMA PUBLIC
DISCONNECT
/*C12634*/SET SCHEMA PUBLIC
DISCONNECT
/*C12632*/SET SCHEMA PUBLIC
DISCONNECT
/*C12633*/SET SCHEMA PUBLIC
DISCONNECT
/*C12651*/SET SCHEMA PUBLIC
DISCONNECT
/*C12650*/SET SCHEMA PUBLIC
DISCONNECT
/*C12649*/SET SCHEMA PUBLIC
DISCONNECT
/*C12648*/SET SCHEMA PUBLIC
DISCONNECT
/*C12647*/SET SCHEMA PUBLIC
DISCONNECT
/*C12646*/SET SCHEMA PUBLIC
DISCONNECT
/*C12645*/SET SCHEMA PUBLIC
DISCONNECT
/*C12644*/SET SCHEMA PUBLIC
DISCONNECT
/*C12643*/SET SCHEMA PUBLIC
DISCONNECT
/*C12642*/SET SCHEMA PUBLIC
DISCONNECT
/*C12661*/SET SCHEMA PUBLIC
DISCONNECT
/*C12660*/SET SCHEMA PUBLIC
DISCONNECT
/*C12659*/SET SCHEMA PUBLIC
DISCONNECT
/*C12658*/SET SCHEMA PUBLIC
DISCONNECT
/*C12657*/SET SCHEMA PUBLIC
DISCONNECT
/*C12656*/SET SCHEMA PUBLIC
DISCONNECT
/*C12655*/SET SCHEMA PUBLIC
DISCONNECT
/*C12654*/SET SCHEMA PUBLIC
DISCONNECT
/*C12653*/SET SCHEMA PUBLIC
DISCONNECT
/*C12652*/SET SCHEMA PUBLIC
DISCONNECT
/*C12671*/SET SCHEMA PUBLIC
DISCONNECT
/*C12670*/SET SCHEMA PUBLIC
DISCONNECT
/*C12669*/SET SCHEMA PUBLIC
DISCONNECT
/*C12667*/SET SCHEMA PUBLIC
DISCONNECT
/*C12668*/SET SCHEMA PUBLIC
DISCONNECT
/*C12666*/SET SCHEMA PUBLIC
DISCONNECT
/*C12665*/SET SCHEMA PUBLIC
DISCONNECT
/*C12664*/SET SCHEMA PUBLIC
DISCONNECT
/*C12663*/SET SCHEMA PUBLIC
DISCONNECT
/*C12662*/SET SCHEMA PUBLIC
DISCONNECT
/*C12681*/SET SCHEMA PUBLIC
DISCONNECT
/*C12680*/SET SCHEMA PUBLIC
DISCONNECT
/*C12679*/SET SCHEMA PUBLIC
DISCONNECT
/*C12678*/SET SCHEMA PUBLIC
DISCONNECT
/*C12677*/SET SCHEMA PUBLIC
DISCONNECT
/*C12676*/SET SCHEMA PUBLIC
DISCONNECT
/*C12675*/SET SCHEMA PUBLIC
DISCONNECT
/*C12674*/SET SCHEMA PUBLIC
DISCONNECT
/*C12673*/SET SCHEMA PUBLIC
DISCONNECT
/*C12672*/SET SCHEMA PUBLIC
DISCONNECT
/*C12691*/SET SCHEMA PUBLIC
DISCONNECT
/*C12690*/SET SCHEMA PUBLIC
DISCONNECT
/*C12689*/SET SCHEMA PUBLIC
DISCONNECT
/*C12688*/SET SCHEMA PUBLIC
DISCONNECT
/*C12687*/SET SCHEMA PUBLIC
DISCONNECT
/*C12685*/SET SCHEMA PUBLIC
DISCONNECT
/*C12686*/SET SCHEMA PUBLIC
DISCONNECT
/*C12684*/SET SCHEMA PUBLIC
DISCONNECT
/*C12682*/SET SCHEMA PUBLIC
DISCONNECT
/*C12683*/SET SCHEMA PUBLIC
DISCONNECT
/*C12701*/SET SCHEMA PUBLIC
DISCONNECT
/*C12700*/SET SCHEMA PUBLIC
DISCONNECT
/*C12699*/SET SCHEMA PUBLIC
DISCONNECT
/*C12698*/SET SCHEMA PUBLIC
DISCONNECT
/*C12697*/SET SCHEMA PUBLIC
DISCONNECT
/*C12696*/SET SCHEMA PUBLIC
DISCONNECT
/*C12695*/SET SCHEMA PUBLIC
DISCONNECT
/*C12694*/SET SCHEMA PUBLIC
DISCONNECT
/*C12693*/SET SCHEMA PUBLIC
DISCONNECT
/*C12692*/SET SCHEMA PUBLIC
DISCONNECT
/*C12711*/SET SCHEMA PUBLIC
DISCONNECT
/*C12709*/SET SCHEMA PUBLIC
DISCONNECT
/*C12710*/SET SCHEMA PUBLIC
DISCONNECT
/*C12708*/SET SCHEMA PUBLIC
DISCONNECT
/*C12707*/SET SCHEMA PUBLIC
DISCONNECT
/*C12706*/SET SCHEMA PUBLIC
DISCONNECT
/*C12705*/SET SCHEMA PUBLIC
DISCONNECT
/*C12704*/SET SCHEMA PUBLIC
DISCONNECT
/*C12703*/SET SCHEMA PUBLIC
DISCONNECT
/*C12702*/SET SCHEMA PUBLIC
DISCONNECT
/*C12721*/SET SCHEMA PUBLIC
DISCONNECT
/*C12720*/SET SCHEMA PUBLIC
DISCONNECT
/*C12719*/SET SCHEMA PUBLIC
DISCONNECT
/*C12718*/SET SCHEMA PUBLIC
DISCONNECT
/*C12717*/SET SCHEMA PUBLIC
DISCONNECT
/*C12716*/SET SCHEMA PUBLIC
DISCONNECT
/*C12714*/SET SCHEMA PUBLIC
DISCONNECT
/*C12715*/SET SCHEMA PUBLIC
DISCONNECT
/*C12713*/SET SCHEMA PUBLIC
DISCONNECT
/*C12712*/SET SCHEMA PUBLIC
DISCONNECT
/*C12731*/SET SCHEMA PUBLIC
DISCONNECT
/*C12730*/SET SCHEMA PUBLIC
DISCONNECT
/*C12729*/SET SCHEMA PUBLIC
DISCONNECT
/*C12728*/SET SCHEMA PUBLIC
DISCONNECT
/*C12727*/SET SCHEMA PUBLIC
DISCONNECT
/*C12726*/SET SCHEMA PUBLIC
DISCONNECT
/*C12725*/SET SCHEMA PUBLIC
DISCONNECT
/*C12724*/SET SCHEMA PUBLIC
DISCONNECT
/*C12723*/SET SCHEMA PUBLIC
DISCONNECT
/*C12722*/SET SCHEMA PUBLIC
DISCONNECT
/*C12741*/SET SCHEMA PUBLIC
DISCONNECT
/*C12740*/SET SCHEMA PUBLIC
DISCONNECT
/*C12739*/SET SCHEMA PUBLIC
DISCONNECT
/*C12738*/SET SCHEMA PUBLIC
DISCONNECT
/*C12737*/SET SCHEMA PUBLIC
DISCONNECT
/*C12736*/SET SCHEMA PUBLIC
DISCONNECT
/*C12735*/SET SCHEMA PUBLIC
DISCONNECT
/*C12734*/SET SCHEMA PUBLIC
DISCONNECT
/*C12732*/SET SCHEMA PUBLIC
DISCONNECT
/*C12733*/SET SCHEMA PUBLIC
DISCONNECT
/*C12751*/SET SCHEMA PUBLIC
DISCONNECT
/*C12750*/SET SCHEMA PUBLIC
DISCONNECT
/*C12749*/SET SCHEMA PUBLIC
DISCONNECT
/*C12748*/SET SCHEMA PUBLIC
DISCONNECT
/*C12747*/SET SCHEMA PUBLIC
DISCONNECT
/*C12746*/SET SCHEMA PUBLIC
DISCONNECT
/*C12745*/SET SCHEMA PUBLIC
DISCONNECT
/*C12744*/SET SCHEMA PUBLIC
DISCONNECT
/*C12743*/SET SCHEMA PUBLIC
DISCONNECT
/*C12742*/SET SCHEMA PUBLIC
DISCONNECT
/*C12761*/SET SCHEMA PUBLIC
DISCONNECT
/*C12760*/SET SCHEMA PUBLIC
DISCONNECT
/*C12759*/SET SCHEMA PUBLIC
DISCONNECT
/*C12758*/SET SCHEMA PUBLIC
DISCONNECT
/*C12756*/SET SCHEMA PUBLIC
DISCONNECT
/*C12757*/SET SCHEMA PUBLIC
DISCONNECT
/*C12754*/SET SCHEMA PUBLIC
DISCONNECT
/*C12755*/SET SCHEMA PUBLIC
DISCONNECT
/*C12753*/SET SCHEMA PUBLIC
DISCONNECT
/*C12752*/SET SCHEMA PUBLIC
DISCONNECT
/*C12771*/SET SCHEMA PUBLIC
DISCONNECT
/*C12770*/SET SCHEMA PUBLIC
DISCONNECT
/*C12768*/SET SCHEMA PUBLIC
DISCONNECT
/*C12769*/SET SCHEMA PUBLIC
DISCONNECT
/*C12767*/SET SCHEMA PUBLIC
DISCONNECT
/*C12766*/SET SCHEMA PUBLIC
DISCONNECT
/*C12765*/SET SCHEMA PUBLIC
DISCONNECT
/*C12764*/SET SCHEMA PUBLIC
DISCONNECT
/*C12763*/SET SCHEMA PUBLIC
DISCONNECT
/*C12762*/SET SCHEMA PUBLIC
DISCONNECT
/*C12781*/SET SCHEMA PUBLIC
DISCONNECT
/*C12780*/SET SCHEMA PUBLIC
DISCONNECT
/*C12778*/SET SCHEMA PUBLIC
DISCONNECT
/*C12779*/SET SCHEMA PUBLIC
DISCONNECT
/*C12777*/SET SCHEMA PUBLIC
DISCONNECT
/*C12776*/SET SCHEMA PUBLIC
DISCONNECT
/*C12775*/SET SCHEMA PUBLIC
DISCONNECT
/*C12774*/SET SCHEMA PUBLIC
DISCONNECT
/*C12773*/SET SCHEMA PUBLIC
DISCONNECT
/*C12772*/SET SCHEMA PUBLIC
DISCONNECT
/*C12791*/SET SCHEMA PUBLIC
DISCONNECT
/*C12790*/SET SCHEMA PUBLIC
DISCONNECT
/*C12789*/SET SCHEMA PUBLIC
DISCONNECT
/*C12788*/SET SCHEMA PUBLIC
DISCONNECT
/*C12787*/SET SCHEMA PUBLIC
DISCONNECT
/*C12786*/SET SCHEMA PUBLIC
DISCONNECT
/*C12785*/SET SCHEMA PUBLIC
DISCONNECT
/*C12784*/SET SCHEMA PUBLIC
DISCONNECT
/*C12783*/SET SCHEMA PUBLIC
DISCONNECT
/*C12782*/SET SCHEMA PUBLIC
DISCONNECT
/*C12801*/SET SCHEMA PUBLIC
DISCONNECT
/*C12800*/SET SCHEMA PUBLIC
DISCONNECT
/*C12798*/SET SCHEMA PUBLIC
DISCONNECT
/*C12799*/SET SCHEMA PUBLIC
DISCONNECT
/*C12797*/SET SCHEMA PUBLIC
DISCONNECT
/*C12796*/SET SCHEMA PUBLIC
DISCONNECT
/*C12795*/SET SCHEMA PUBLIC
DISCONNECT
/*C12792*/SET SCHEMA PUBLIC
DISCONNECT
/*C12794*/SET SCHEMA PUBLIC
DISCONNECT
/*C12793*/SET SCHEMA PUBLIC
DISCONNECT
/*C12811*/SET SCHEMA PUBLIC
DISCONNECT
/*C12810*/SET SCHEMA PUBLIC
DISCONNECT
/*C12809*/SET SCHEMA PUBLIC
DISCONNECT
/*C12808*/SET SCHEMA PUBLIC
DISCONNECT
/*C12807*/SET SCHEMA PUBLIC
DISCONNECT
/*C12806*/SET SCHEMA PUBLIC
DISCONNECT
/*C12805*/SET SCHEMA PUBLIC
DISCONNECT
/*C12804*/SET SCHEMA PUBLIC
DISCONNECT
/*C12803*/SET SCHEMA PUBLIC
DISCONNECT
/*C12802*/SET SCHEMA PUBLIC
DISCONNECT
/*C12821*/SET SCHEMA PUBLIC
DISCONNECT
/*C12820*/SET SCHEMA PUBLIC
DISCONNECT
/*C12819*/SET SCHEMA PUBLIC
DISCONNECT
/*C12818*/SET SCHEMA PUBLIC
DISCONNECT
/*C12817*/SET SCHEMA PUBLIC
DISCONNECT
/*C12816*/SET SCHEMA PUBLIC
DISCONNECT
/*C12815*/SET SCHEMA PUBLIC
DISCONNECT
/*C12813*/SET SCHEMA PUBLIC
DISCONNECT
/*C12812*/SET SCHEMA PUBLIC
DISCONNECT
/*C12814*/SET SCHEMA PUBLIC
DISCONNECT
/*C12831*/SET SCHEMA PUBLIC
DISCONNECT
/*C12829*/SET SCHEMA PUBLIC
DISCONNECT
/*C12830*/SET SCHEMA PUBLIC
DISCONNECT
/*C12828*/SET SCHEMA PUBLIC
DISCONNECT
/*C12827*/SET SCHEMA PUBLIC
DISCONNECT
/*C12825*/SET SCHEMA PUBLIC
DISCONNECT
/*C12824*/SET SCHEMA PUBLIC
DISCONNECT
/*C12826*/SET SCHEMA PUBLIC
DISCONNECT
/*C12823*/SET SCHEMA PUBLIC
DISCONNECT
/*C12822*/SET SCHEMA PUBLIC
DISCONNECT
/*C12841*/SET SCHEMA PUBLIC
DISCONNECT
/*C12840*/SET SCHEMA PUBLIC
DISCONNECT
/*C12839*/SET SCHEMA PUBLIC
DISCONNECT
/*C12838*/SET SCHEMA PUBLIC
DISCONNECT
/*C12837*/SET SCHEMA PUBLIC
DISCONNECT
/*C12836*/SET SCHEMA PUBLIC
DISCONNECT
/*C12835*/SET SCHEMA PUBLIC
DISCONNECT
/*C12834*/SET SCHEMA PUBLIC
DISCONNECT
/*C12833*/SET SCHEMA PUBLIC
DISCONNECT
/*C12832*/SET SCHEMA PUBLIC
DISCONNECT
/*C12851*/SET SCHEMA PUBLIC
DISCONNECT
/*C12850*/SET SCHEMA PUBLIC
DISCONNECT
/*C12849*/SET SCHEMA PUBLIC
DISCONNECT
/*C12847*/SET SCHEMA PUBLIC
DISCONNECT
/*C12848*/SET SCHEMA PUBLIC
DISCONNECT
/*C12846*/SET SCHEMA PUBLIC
DISCONNECT
/*C12845*/SET SCHEMA PUBLIC
DISCONNECT
/*C12844*/SET SCHEMA PUBLIC
DISCONNECT
/*C12843*/SET SCHEMA PUBLIC
DISCONNECT
/*C12842*/SET SCHEMA PUBLIC
DISCONNECT
/*C12861*/SET SCHEMA PUBLIC
DISCONNECT
/*C12860*/SET SCHEMA PUBLIC
DISCONNECT
/*C12859*/SET SCHEMA PUBLIC
DISCONNECT
/*C12858*/SET SCHEMA PUBLIC
DISCONNECT
/*C12857*/SET SCHEMA PUBLIC
DISCONNECT
/*C12856*/SET SCHEMA PUBLIC
DISCONNECT
/*C12855*/SET SCHEMA PUBLIC
DISCONNECT
/*C12854*/SET SCHEMA PUBLIC
DISCONNECT
/*C12853*/SET SCHEMA PUBLIC
DISCONNECT
/*C12852*/SET SCHEMA PUBLIC
DISCONNECT
/*C12871*/SET SCHEMA PUBLIC
DISCONNECT
/*C12870*/SET SCHEMA PUBLIC
DISCONNECT
/*C12869*/SET SCHEMA PUBLIC
DISCONNECT
/*C12868*/SET SCHEMA PUBLIC
DISCONNECT
/*C12867*/SET SCHEMA PUBLIC
DISCONNECT
/*C12866*/SET SCHEMA PUBLIC
DISCONNECT
/*C12865*/SET SCHEMA PUBLIC
DISCONNECT
/*C12864*/SET SCHEMA PUBLIC
DISCONNECT
/*C12862*/SET SCHEMA PUBLIC
DISCONNECT
/*C12863*/SET SCHEMA PUBLIC
DISCONNECT
/*C12879*/SET SCHEMA PUBLIC
DISCONNECT
/*C12878*/SET SCHEMA PUBLIC
DISCONNECT
/*C12877*/SET SCHEMA PUBLIC
DISCONNECT
/*C12876*/SET SCHEMA PUBLIC
DISCONNECT
/*C12875*/SET SCHEMA PUBLIC
DISCONNECT
/*C12874*/SET SCHEMA PUBLIC
DISCONNECT
/*C12873*/SET SCHEMA PUBLIC
DISCONNECT
/*C12872*/SET SCHEMA PUBLIC
DISCONNECT
/*C12889*/SET SCHEMA PUBLIC
DISCONNECT
/*C12888*/SET SCHEMA PUBLIC
DISCONNECT
/*C12886*/SET SCHEMA PUBLIC
DISCONNECT
/*C12887*/SET SCHEMA PUBLIC
DISCONNECT
/*C12885*/SET SCHEMA PUBLIC
DISCONNECT
/*C12883*/SET SCHEMA PUBLIC
DISCONNECT
/*C12884*/SET SCHEMA PUBLIC
DISCONNECT
/*C12882*/SET SCHEMA PUBLIC
DISCONNECT
/*C12880*/SET SCHEMA PUBLIC
DISCONNECT
/*C12881*/SET SCHEMA PUBLIC
DISCONNECT
/*C12893*/SET SCHEMA PUBLIC
DISCONNECT
/*C12892*/SET SCHEMA PUBLIC
DISCONNECT
/*C12890*/SET SCHEMA PUBLIC
DISCONNECT
/*C12891*/SET SCHEMA PUBLIC
DISCONNECT
/*C12902*/SET SCHEMA PUBLIC
DISCONNECT
/*C12900*/SET SCHEMA PUBLIC
DISCONNECT
/*C12901*/SET SCHEMA PUBLIC
DISCONNECT
/*C12899*/SET SCHEMA PUBLIC
DISCONNECT
/*C12898*/SET SCHEMA PUBLIC
DISCONNECT
/*C12897*/SET SCHEMA PUBLIC
DISCONNECT
/*C12896*/SET SCHEMA PUBLIC
DISCONNECT
/*C12895*/SET SCHEMA PUBLIC
DISCONNECT
/*C12894*/SET SCHEMA PUBLIC
DISCONNECT
/*C12903*/SET SCHEMA PUBLIC
DISCONNECT
/*C12912*/SET SCHEMA PUBLIC
DISCONNECT
/*C12911*/SET SCHEMA PUBLIC
DISCONNECT
/*C12910*/SET SCHEMA PUBLIC
DISCONNECT
/*C12909*/SET SCHEMA PUBLIC
DISCONNECT
/*C12908*/SET SCHEMA PUBLIC
DISCONNECT
/*C12907*/SET SCHEMA PUBLIC
DISCONNECT
/*C12906*/SET SCHEMA PUBLIC
DISCONNECT
/*C12905*/SET SCHEMA PUBLIC
DISCONNECT
/*C12904*/SET SCHEMA PUBLIC
DISCONNECT
/*C12916*/SET SCHEMA PUBLIC
DISCONNECT
/*C12915*/SET SCHEMA PUBLIC
DISCONNECT
/*C12914*/SET SCHEMA PUBLIC
DISCONNECT
/*C12913*/SET SCHEMA PUBLIC
DISCONNECT
/*C12922*/SET SCHEMA PUBLIC
DISCONNECT
/*C12920*/SET SCHEMA PUBLIC
DISCONNECT
/*C12921*/SET SCHEMA PUBLIC
DISCONNECT
/*C12919*/SET SCHEMA PUBLIC
DISCONNECT
/*C12918*/SET SCHEMA PUBLIC
DISCONNECT
/*C12917*/SET SCHEMA PUBLIC
DISCONNECT
/*C12931*/SET SCHEMA PUBLIC
DISCONNECT
/*C12930*/SET SCHEMA PUBLIC
DISCONNECT
/*C12928*/SET SCHEMA PUBLIC
DISCONNECT
/*C12929*/SET SCHEMA PUBLIC
DISCONNECT
/*C12927*/SET SCHEMA PUBLIC
DISCONNECT
/*C12926*/SET SCHEMA PUBLIC
DISCONNECT
/*C12925*/SET SCHEMA PUBLIC
DISCONNECT
/*C12924*/SET SCHEMA PUBLIC
DISCONNECT
/*C12923*/SET SCHEMA PUBLIC
DISCONNECT
/*C12932*/SET SCHEMA PUBLIC
DISCONNECT
/*C12942*/SET SCHEMA PUBLIC
DISCONNECT
/*C12941*/SET SCHEMA PUBLIC
DISCONNECT
/*C12940*/SET SCHEMA PUBLIC
DISCONNECT
/*C12939*/SET SCHEMA PUBLIC
DISCONNECT
/*C12938*/SET SCHEMA PUBLIC
DISCONNECT
/*C12937*/SET SCHEMA PUBLIC
DISCONNECT
/*C12936*/SET SCHEMA PUBLIC
DISCONNECT
/*C12935*/SET SCHEMA PUBLIC
DISCONNECT
/*C12934*/SET SCHEMA PUBLIC
DISCONNECT
/*C12933*/SET SCHEMA PUBLIC
DISCONNECT
/*C12952*/SET SCHEMA PUBLIC
DISCONNECT
/*C12951*/SET SCHEMA PUBLIC
DISCONNECT
/*C12950*/SET SCHEMA PUBLIC
DISCONNECT
/*C12949*/SET SCHEMA PUBLIC
DISCONNECT
/*C12948*/SET SCHEMA PUBLIC
DISCONNECT
/*C12947*/SET SCHEMA PUBLIC
DISCONNECT
/*C12946*/SET SCHEMA PUBLIC
DISCONNECT
/*C12945*/SET SCHEMA PUBLIC
DISCONNECT
/*C12943*/SET SCHEMA PUBLIC
DISCONNECT
/*C12944*/SET SCHEMA PUBLIC
DISCONNECT
/*C12962*/SET SCHEMA PUBLIC
DISCONNECT
/*C12961*/SET SCHEMA PUBLIC
DISCONNECT
/*C12960*/SET SCHEMA PUBLIC
DISCONNECT
/*C12959*/SET SCHEMA PUBLIC
DISCONNECT
/*C12958*/SET SCHEMA PUBLIC
DISCONNECT
/*C12957*/SET SCHEMA PUBLIC
DISCONNECT
/*C12956*/SET SCHEMA PUBLIC
DISCONNECT
/*C12955*/SET SCHEMA PUBLIC
DISCONNECT
/*C12954*/SET SCHEMA PUBLIC
DISCONNECT
/*C12953*/SET SCHEMA PUBLIC
DISCONNECT
/*C12972*/SET SCHEMA PUBLIC
DISCONNECT
/*C12971*/SET SCHEMA PUBLIC
DISCONNECT
/*C12970*/SET SCHEMA PUBLIC
DISCONNECT
/*C12969*/SET SCHEMA PUBLIC
DISCONNECT
/*C12968*/SET SCHEMA PUBLIC
DISCONNECT
/*C12967*/SET SCHEMA PUBLIC
DISCONNECT
/*C12966*/SET SCHEMA PUBLIC
DISCONNECT
/*C12965*/SET SCHEMA PUBLIC
DISCONNECT
/*C12963*/SET SCHEMA PUBLIC
DISCONNECT
/*C12964*/SET SCHEMA PUBLIC
DISCONNECT
/*C12982*/SET SCHEMA PUBLIC
DISCONNECT
/*C12981*/SET SCHEMA PUBLIC
DISCONNECT
/*C12980*/SET SCHEMA PUBLIC
DISCONNECT
/*C12979*/SET SCHEMA PUBLIC
DISCONNECT
/*C12978*/SET SCHEMA PUBLIC
DISCONNECT
/*C12976*/SET SCHEMA PUBLIC
DISCONNECT
/*C12977*/SET SCHEMA PUBLIC
DISCONNECT
/*C12975*/SET SCHEMA PUBLIC
DISCONNECT
/*C12973*/SET SCHEMA PUBLIC
DISCONNECT
/*C12974*/SET SCHEMA PUBLIC
DISCONNECT
/*C12992*/SET SCHEMA PUBLIC
DISCONNECT
/*C12991*/SET SCHEMA PUBLIC
DISCONNECT
/*C12990*/SET SCHEMA PUBLIC
DISCONNECT
/*C12989*/SET SCHEMA PUBLIC
DISCONNECT
/*C12988*/SET SCHEMA PUBLIC
DISCONNECT
/*C12986*/SET SCHEMA PUBLIC
DISCONNECT
/*C12987*/SET SCHEMA PUBLIC
DISCONNECT
/*C12985*/SET SCHEMA PUBLIC
DISCONNECT
/*C12983*/SET SCHEMA PUBLIC
DISCONNECT
/*C12984*/SET SCHEMA PUBLIC
DISCONNECT
/*C13002*/SET SCHEMA PUBLIC
DISCONNECT
/*C13001*/SET SCHEMA PUBLIC
DISCONNECT
/*C13000*/SET SCHEMA PUBLIC
DISCONNECT
/*C12999*/SET SCHEMA PUBLIC
DISCONNECT
/*C12998*/SET SCHEMA PUBLIC
DISCONNECT
/*C12997*/SET SCHEMA PUBLIC
DISCONNECT
/*C12995*/SET SCHEMA PUBLIC
DISCONNECT
/*C12996*/SET SCHEMA PUBLIC
DISCONNECT
/*C12994*/SET SCHEMA PUBLIC
DISCONNECT
/*C12993*/SET SCHEMA PUBLIC
DISCONNECT
/*C13012*/SET SCHEMA PUBLIC
DISCONNECT
/*C13011*/SET SCHEMA PUBLIC
DISCONNECT
/*C13010*/SET SCHEMA PUBLIC
DISCONNECT
/*C13009*/SET SCHEMA PUBLIC
DISCONNECT
/*C13008*/SET SCHEMA PUBLIC
DISCONNECT
/*C13007*/SET SCHEMA PUBLIC
DISCONNECT
/*C13006*/SET SCHEMA PUBLIC
DISCONNECT
/*C13005*/SET SCHEMA PUBLIC
DISCONNECT
/*C13004*/SET SCHEMA PUBLIC
DISCONNECT
/*C13003*/SET SCHEMA PUBLIC
DISCONNECT
/*C13022*/SET SCHEMA PUBLIC
DISCONNECT
/*C13021*/SET SCHEMA PUBLIC
DISCONNECT
/*C13020*/SET SCHEMA PUBLIC
DISCONNECT
/*C13019*/SET SCHEMA PUBLIC
DISCONNECT
/*C13018*/SET SCHEMA PUBLIC
DISCONNECT
/*C13016*/SET SCHEMA PUBLIC
DISCONNECT
/*C13017*/SET SCHEMA PUBLIC
DISCONNECT
/*C13015*/SET SCHEMA PUBLIC
DISCONNECT
/*C13014*/SET SCHEMA PUBLIC
DISCONNECT
/*C13013*/SET SCHEMA PUBLIC
DISCONNECT
/*C13032*/SET SCHEMA PUBLIC
DISCONNECT
/*C13031*/SET SCHEMA PUBLIC
DISCONNECT
/*C13030*/SET SCHEMA PUBLIC
DISCONNECT
/*C13029*/SET SCHEMA PUBLIC
DISCONNECT
/*C13028*/SET SCHEMA PUBLIC
DISCONNECT
/*C13027*/SET SCHEMA PUBLIC
DISCONNECT
/*C13026*/SET SCHEMA PUBLIC
DISCONNECT
/*C13024*/SET SCHEMA PUBLIC
DISCONNECT
/*C13025*/SET SCHEMA PUBLIC
DISCONNECT
/*C13023*/SET SCHEMA PUBLIC
DISCONNECT
/*C13042*/SET SCHEMA PUBLIC
DISCONNECT
/*C13041*/SET SCHEMA PUBLIC
DISCONNECT
/*C13040*/SET SCHEMA PUBLIC
DISCONNECT
/*C13039*/SET SCHEMA PUBLIC
DISCONNECT
/*C13038*/SET SCHEMA PUBLIC
DISCONNECT
/*C13037*/SET SCHEMA PUBLIC
DISCONNECT
/*C13036*/SET SCHEMA PUBLIC
DISCONNECT
/*C13035*/SET SCHEMA PUBLIC
DISCONNECT
/*C13033*/SET SCHEMA PUBLIC
DISCONNECT
/*C13034*/SET SCHEMA PUBLIC
DISCONNECT
/*C13052*/SET SCHEMA PUBLIC
DISCONNECT
/*C13051*/SET SCHEMA PUBLIC
DISCONNECT
/*C13050*/SET SCHEMA PUBLIC
DISCONNECT
/*C13049*/SET SCHEMA PUBLIC
DISCONNECT
/*C13048*/SET SCHEMA PUBLIC
DISCONNECT
/*C13047*/SET SCHEMA PUBLIC
DISCONNECT
/*C13046*/SET SCHEMA PUBLIC
DISCONNECT
/*C13045*/SET SCHEMA PUBLIC
DISCONNECT
/*C13044*/SET SCHEMA PUBLIC
DISCONNECT
/*C13043*/SET SCHEMA PUBLIC
DISCONNECT
/*C13062*/SET SCHEMA PUBLIC
DISCONNECT
/*C13061*/SET SCHEMA PUBLIC
DISCONNECT
/*C13059*/SET SCHEMA PUBLIC
DISCONNECT
/*C13060*/SET SCHEMA PUBLIC
DISCONNECT
/*C13058*/SET SCHEMA PUBLIC
DISCONNECT
/*C13057*/SET SCHEMA PUBLIC
DISCONNECT
/*C13056*/SET SCHEMA PUBLIC
DISCONNECT
/*C13055*/SET SCHEMA PUBLIC
DISCONNECT
/*C13053*/SET SCHEMA PUBLIC
DISCONNECT
/*C13054*/SET SCHEMA PUBLIC
DISCONNECT
/*C13072*/SET SCHEMA PUBLIC
DISCONNECT
/*C13071*/SET SCHEMA PUBLIC
DISCONNECT
/*C13069*/SET SCHEMA PUBLIC
DISCONNECT
/*C13070*/SET SCHEMA PUBLIC
DISCONNECT
/*C13068*/SET SCHEMA PUBLIC
DISCONNECT
/*C13067*/SET SCHEMA PUBLIC
DISCONNECT
/*C13066*/SET SCHEMA PUBLIC
DISCONNECT
/*C13065*/SET SCHEMA PUBLIC
DISCONNECT
/*C13064*/SET SCHEMA PUBLIC
DISCONNECT
/*C13063*/SET SCHEMA PUBLIC
DISCONNECT
/*C13082*/SET SCHEMA PUBLIC
DISCONNECT
/*C13081*/SET SCHEMA PUBLIC
DISCONNECT
/*C13079*/SET SCHEMA PUBLIC
DISCONNECT
/*C13080*/SET SCHEMA PUBLIC
DISCONNECT
/*C13078*/SET SCHEMA PUBLIC
DISCONNECT
/*C13077*/SET SCHEMA PUBLIC
DISCONNECT
/*C13076*/SET SCHEMA PUBLIC
DISCONNECT
/*C13075*/SET SCHEMA PUBLIC
DISCONNECT
/*C13074*/SET SCHEMA PUBLIC
DISCONNECT
/*C13073*/SET SCHEMA PUBLIC
DISCONNECT
/*C13092*/SET SCHEMA PUBLIC
DISCONNECT
/*C13091*/SET SCHEMA PUBLIC
DISCONNECT
/*C13089*/SET SCHEMA PUBLIC
DISCONNECT
/*C13090*/SET SCHEMA PUBLIC
DISCONNECT
/*C13088*/SET SCHEMA PUBLIC
DISCONNECT
/*C13087*/SET SCHEMA PUBLIC
DISCONNECT
/*C13086*/SET SCHEMA PUBLIC
DISCONNECT
/*C13085*/SET SCHEMA PUBLIC
DISCONNECT
/*C13084*/SET SCHEMA PUBLIC
DISCONNECT
/*C13083*/SET SCHEMA PUBLIC
DISCONNECT
/*C13094*/SET SCHEMA PUBLIC
DISCONNECT
/*C13093*/SET SCHEMA PUBLIC
DISCONNECT
/*C13102*/SET SCHEMA PUBLIC
DISCONNECT
/*C13101*/SET SCHEMA PUBLIC
DISCONNECT
/*C13099*/SET SCHEMA PUBLIC
DISCONNECT
/*C13100*/SET SCHEMA PUBLIC
DISCONNECT
/*C13098*/SET SCHEMA PUBLIC
DISCONNECT
/*C13097*/SET SCHEMA PUBLIC
DISCONNECT
/*C13096*/SET SCHEMA PUBLIC
DISCONNECT
/*C13095*/SET SCHEMA PUBLIC
DISCONNECT
/*C13111*/SET SCHEMA PUBLIC
DISCONNECT
/*C13110*/SET SCHEMA PUBLIC
DISCONNECT
/*C13109*/SET SCHEMA PUBLIC
DISCONNECT
/*C13108*/SET SCHEMA PUBLIC
DISCONNECT
/*C13105*/SET SCHEMA PUBLIC
DISCONNECT
/*C13106*/SET SCHEMA PUBLIC
DISCONNECT
/*C13107*/SET SCHEMA PUBLIC
DISCONNECT
/*C13104*/SET SCHEMA PUBLIC
DISCONNECT
/*C13103*/SET SCHEMA PUBLIC
DISCONNECT
/*C13112*/SET SCHEMA PUBLIC
DISCONNECT
/*C13121*/SET SCHEMA PUBLIC
DISCONNECT
/*C13120*/SET SCHEMA PUBLIC
DISCONNECT
/*C13118*/SET SCHEMA PUBLIC
DISCONNECT
/*C13119*/SET SCHEMA PUBLIC
DISCONNECT
/*C13117*/SET SCHEMA PUBLIC
DISCONNECT
/*C13116*/SET SCHEMA PUBLIC
DISCONNECT
/*C13115*/SET SCHEMA PUBLIC
DISCONNECT
/*C13114*/SET SCHEMA PUBLIC
DISCONNECT
/*C13113*/SET SCHEMA PUBLIC
DISCONNECT
/*C13122*/SET SCHEMA PUBLIC
DISCONNECT
/*C13131*/SET SCHEMA PUBLIC
DISCONNECT
/*C13130*/SET SCHEMA PUBLIC
DISCONNECT
/*C13128*/SET SCHEMA PUBLIC
DISCONNECT
/*C13129*/SET SCHEMA PUBLIC
DISCONNECT
/*C13127*/SET SCHEMA PUBLIC
DISCONNECT
/*C13126*/SET SCHEMA PUBLIC
DISCONNECT
/*C13125*/SET SCHEMA PUBLIC
DISCONNECT
/*C13124*/SET SCHEMA PUBLIC
DISCONNECT
/*C13123*/SET SCHEMA PUBLIC
DISCONNECT
/*C13138*/SET SCHEMA PUBLIC
DISCONNECT
/*C13137*/SET SCHEMA PUBLIC
DISCONNECT
/*C13135*/SET SCHEMA PUBLIC
DISCONNECT
/*C13136*/SET SCHEMA PUBLIC
DISCONNECT
/*C13134*/SET SCHEMA PUBLIC
DISCONNECT
/*C13133*/SET SCHEMA PUBLIC
DISCONNECT
/*C13132*/SET SCHEMA PUBLIC
DISCONNECT
/*C13141*/SET SCHEMA PUBLIC
DISCONNECT
/*C13140*/SET SCHEMA PUBLIC
DISCONNECT
/*C13139*/SET SCHEMA PUBLIC
DISCONNECT
/*C13151*/SET SCHEMA PUBLIC
DISCONNECT
/*C13150*/SET SCHEMA PUBLIC
DISCONNECT
/*C13148*/SET SCHEMA PUBLIC
DISCONNECT
/*C13149*/SET SCHEMA PUBLIC
DISCONNECT
/*C13147*/SET SCHEMA PUBLIC
DISCONNECT
/*C13146*/SET SCHEMA PUBLIC
DISCONNECT
/*C13145*/SET SCHEMA PUBLIC
DISCONNECT
/*C13144*/SET SCHEMA PUBLIC
DISCONNECT
/*C13143*/SET SCHEMA PUBLIC
DISCONNECT
/*C13142*/SET SCHEMA PUBLIC
DISCONNECT
/*C13161*/SET SCHEMA PUBLIC
DISCONNECT
/*C13160*/SET SCHEMA PUBLIC
DISCONNECT
/*C13158*/SET SCHEMA PUBLIC
DISCONNECT
/*C13159*/SET SCHEMA PUBLIC
DISCONNECT
/*C13157*/SET SCHEMA PUBLIC
DISCONNECT
/*C13156*/SET SCHEMA PUBLIC
DISCONNECT
/*C13155*/SET SCHEMA PUBLIC
DISCONNECT
/*C13154*/SET SCHEMA PUBLIC
DISCONNECT
/*C13153*/SET SCHEMA PUBLIC
DISCONNECT
/*C13152*/SET SCHEMA PUBLIC
DISCONNECT
/*C13171*/SET SCHEMA PUBLIC
DISCONNECT
/*C13170*/SET SCHEMA PUBLIC
DISCONNECT
/*C13168*/SET SCHEMA PUBLIC
DISCONNECT
/*C13169*/SET SCHEMA PUBLIC
DISCONNECT
/*C13167*/SET SCHEMA PUBLIC
DISCONNECT
/*C13166*/SET SCHEMA PUBLIC
DISCONNECT
/*C13165*/SET SCHEMA PUBLIC
DISCONNECT
/*C13164*/SET SCHEMA PUBLIC
DISCONNECT
/*C13163*/SET SCHEMA PUBLIC
DISCONNECT
/*C13162*/SET SCHEMA PUBLIC
DISCONNECT
/*C13181*/SET SCHEMA PUBLIC
DISCONNECT
/*C13180*/SET SCHEMA PUBLIC
DISCONNECT
/*C13179*/SET SCHEMA PUBLIC
DISCONNECT
/*C13178*/SET SCHEMA PUBLIC
DISCONNECT
/*C13177*/SET SCHEMA PUBLIC
DISCONNECT
/*C13176*/SET SCHEMA PUBLIC
DISCONNECT
/*C13175*/SET SCHEMA PUBLIC
DISCONNECT
/*C13174*/SET SCHEMA PUBLIC
DISCONNECT
/*C13173*/SET SCHEMA PUBLIC
DISCONNECT
/*C13172*/SET SCHEMA PUBLIC
DISCONNECT
/*C13191*/SET SCHEMA PUBLIC
DISCONNECT
/*C13190*/SET SCHEMA PUBLIC
DISCONNECT
/*C13188*/SET SCHEMA PUBLIC
DISCONNECT
/*C13189*/SET SCHEMA PUBLIC
DISCONNECT
/*C13187*/SET SCHEMA PUBLIC
DISCONNECT
/*C13186*/SET SCHEMA PUBLIC
DISCONNECT
/*C13185*/SET SCHEMA PUBLIC
DISCONNECT
/*C13184*/SET SCHEMA PUBLIC
DISCONNECT
/*C13183*/SET SCHEMA PUBLIC
DISCONNECT
/*C13182*/SET SCHEMA PUBLIC
DISCONNECT
/*C13201*/SET SCHEMA PUBLIC
DISCONNECT
/*C13200*/SET SCHEMA PUBLIC
DISCONNECT
/*C13198*/SET SCHEMA PUBLIC
DISCONNECT
/*C13199*/SET SCHEMA PUBLIC
DISCONNECT
/*C13197*/SET SCHEMA PUBLIC
DISCONNECT
/*C13196*/SET SCHEMA PUBLIC
DISCONNECT
/*C13195*/SET SCHEMA PUBLIC
DISCONNECT
/*C13194*/SET SCHEMA PUBLIC
DISCONNECT
/*C13192*/SET SCHEMA PUBLIC
DISCONNECT
/*C13193*/SET SCHEMA PUBLIC
DISCONNECT
/*C13204*/SET SCHEMA PUBLIC
DISCONNECT
/*C13203*/SET SCHEMA PUBLIC
DISCONNECT
/*C13202*/SET SCHEMA PUBLIC
DISCONNECT
/*C13211*/SET SCHEMA PUBLIC
DISCONNECT
/*C13210*/SET SCHEMA PUBLIC
DISCONNECT
/*C13208*/SET SCHEMA PUBLIC
DISCONNECT
/*C13209*/SET SCHEMA PUBLIC
DISCONNECT
/*C13207*/SET SCHEMA PUBLIC
DISCONNECT
/*C13206*/SET SCHEMA PUBLIC
DISCONNECT
/*C13205*/SET SCHEMA PUBLIC
DISCONNECT
/*C13214*/SET SCHEMA PUBLIC
DISCONNECT
/*C13213*/SET SCHEMA PUBLIC
DISCONNECT
/*C13212*/SET SCHEMA PUBLIC
DISCONNECT
/*C13221*/SET SCHEMA PUBLIC
DISCONNECT
/*C13220*/SET SCHEMA PUBLIC
DISCONNECT
/*C13218*/SET SCHEMA PUBLIC
DISCONNECT
/*C13219*/SET SCHEMA PUBLIC
DISCONNECT
/*C13217*/SET SCHEMA PUBLIC
DISCONNECT
/*C13216*/SET SCHEMA PUBLIC
DISCONNECT
/*C13215*/SET SCHEMA PUBLIC
DISCONNECT
/*C13224*/SET SCHEMA PUBLIC
DISCONNECT
/*C13223*/SET SCHEMA PUBLIC
DISCONNECT
/*C13222*/SET SCHEMA PUBLIC
DISCONNECT
/*C13231*/SET SCHEMA PUBLIC
DISCONNECT
/*C13230*/SET SCHEMA PUBLIC
DISCONNECT
/*C13228*/SET SCHEMA PUBLIC
DISCONNECT
/*C13229*/SET SCHEMA PUBLIC
DISCONNECT
/*C13227*/SET SCHEMA PUBLIC
DISCONNECT
/*C13226*/SET SCHEMA PUBLIC
DISCONNECT
/*C13225*/SET SCHEMA PUBLIC
DISCONNECT
/*C13233*/SET SCHEMA PUBLIC
DISCONNECT
/*C13234*/SET SCHEMA PUBLIC
DISCONNECT
/*C13232*/SET SCHEMA PUBLIC
DISCONNECT
/*C13244*/SET SCHEMA PUBLIC
DISCONNECT
/*C13243*/SET SCHEMA PUBLIC
DISCONNECT
/*C13242*/SET SCHEMA PUBLIC
DISCONNECT
/*C13241*/SET SCHEMA PUBLIC
DISCONNECT
/*C13239*/SET SCHEMA PUBLIC
DISCONNECT
/*C13240*/SET SCHEMA PUBLIC
DISCONNECT
/*C13238*/SET SCHEMA PUBLIC
DISCONNECT
/*C13237*/SET SCHEMA PUBLIC
DISCONNECT
/*C13236*/SET SCHEMA PUBLIC
DISCONNECT
/*C13235*/SET SCHEMA PUBLIC
DISCONNECT
/*C13254*/SET SCHEMA PUBLIC
DISCONNECT
/*C13253*/SET SCHEMA PUBLIC
DISCONNECT
/*C13252*/SET SCHEMA PUBLIC
DISCONNECT
/*C13251*/SET SCHEMA PUBLIC
DISCONNECT
/*C13250*/SET SCHEMA PUBLIC
DISCONNECT
/*C13248*/SET SCHEMA PUBLIC
DISCONNECT
/*C13249*/SET SCHEMA PUBLIC
DISCONNECT
/*C13247*/SET SCHEMA PUBLIC
DISCONNECT
/*C13245*/SET SCHEMA PUBLIC
DISCONNECT
/*C13246*/SET SCHEMA PUBLIC
DISCONNECT
/*C13264*/SET SCHEMA PUBLIC
DISCONNECT
/*C13263*/SET SCHEMA PUBLIC
DISCONNECT
/*C13262*/SET SCHEMA PUBLIC
DISCONNECT
/*C13261*/SET SCHEMA PUBLIC
DISCONNECT
/*C13260*/SET SCHEMA PUBLIC
DISCONNECT
/*C13259*/SET SCHEMA PUBLIC
DISCONNECT
/*C13258*/SET SCHEMA PUBLIC
DISCONNECT
/*C13257*/SET SCHEMA PUBLIC
DISCONNECT
/*C13256*/SET SCHEMA PUBLIC
DISCONNECT
/*C13255*/SET SCHEMA PUBLIC
DISCONNECT
/*C13274*/SET SCHEMA PUBLIC
DISCONNECT
/*C13273*/SET SCHEMA PUBLIC
DISCONNECT
/*C13272*/SET SCHEMA PUBLIC
DISCONNECT
/*C13271*/SET SCHEMA PUBLIC
DISCONNECT
/*C13270*/SET SCHEMA PUBLIC
DISCONNECT
/*C13269*/SET SCHEMA PUBLIC
DISCONNECT
/*C13268*/SET SCHEMA PUBLIC
DISCONNECT
/*C13267*/SET SCHEMA PUBLIC
DISCONNECT
/*C13266*/SET SCHEMA PUBLIC
DISCONNECT
/*C13265*/SET SCHEMA PUBLIC
DISCONNECT
/*C13284*/SET SCHEMA PUBLIC
DISCONNECT
/*C13283*/SET SCHEMA PUBLIC
DISCONNECT
/*C13282*/SET SCHEMA PUBLIC
DISCONNECT
/*C13281*/SET SCHEMA PUBLIC
DISCONNECT
/*C13280*/SET SCHEMA PUBLIC
DISCONNECT
/*C13279*/SET SCHEMA PUBLIC
DISCONNECT
/*C13278*/SET SCHEMA PUBLIC
DISCONNECT
/*C13277*/SET SCHEMA PUBLIC
DISCONNECT
/*C13276*/SET SCHEMA PUBLIC
DISCONNECT
/*C13275*/SET SCHEMA PUBLIC
DISCONNECT
/*C13294*/SET SCHEMA PUBLIC
DISCONNECT
/*C13292*/SET SCHEMA PUBLIC
DISCONNECT
/*C13293*/SET SCHEMA PUBLIC
DISCONNECT
/*C13291*/SET SCHEMA PUBLIC
DISCONNECT
/*C13289*/SET SCHEMA PUBLIC
DISCONNECT
/*C13290*/SET SCHEMA PUBLIC
DISCONNECT
/*C13288*/SET SCHEMA PUBLIC
DISCONNECT
/*C13287*/SET SCHEMA PUBLIC
DISCONNECT
/*C13286*/SET SCHEMA PUBLIC
DISCONNECT
/*C13285*/SET SCHEMA PUBLIC
DISCONNECT
/*C13304*/SET SCHEMA PUBLIC
DISCONNECT
/*C13303*/SET SCHEMA PUBLIC
DISCONNECT
/*C13302*/SET SCHEMA PUBLIC
DISCONNECT
/*C13301*/SET SCHEMA PUBLIC
DISCONNECT
/*C13300*/SET SCHEMA PUBLIC
DISCONNECT
/*C13299*/SET SCHEMA PUBLIC
DISCONNECT
/*C13298*/SET SCHEMA PUBLIC
DISCONNECT
/*C13297*/SET SCHEMA PUBLIC
DISCONNECT
/*C13296*/SET SCHEMA PUBLIC
DISCONNECT
/*C13295*/SET SCHEMA PUBLIC
DISCONNECT
/*C13314*/SET SCHEMA PUBLIC
DISCONNECT
/*C13313*/SET SCHEMA PUBLIC
DISCONNECT
/*C13312*/SET SCHEMA PUBLIC
DISCONNECT
/*C13311*/SET SCHEMA PUBLIC
DISCONNECT
/*C13310*/SET SCHEMA PUBLIC
DISCONNECT
/*C13309*/SET SCHEMA PUBLIC
DISCONNECT
/*C13308*/SET SCHEMA PUBLIC
DISCONNECT
/*C13305*/SET SCHEMA PUBLIC
DISCONNECT
/*C13307*/SET SCHEMA PUBLIC
DISCONNECT
/*C13306*/SET SCHEMA PUBLIC
DISCONNECT
/*C13324*/SET SCHEMA PUBLIC
DISCONNECT
/*C13323*/SET SCHEMA PUBLIC
DISCONNECT
/*C13322*/SET SCHEMA PUBLIC
DISCONNECT
/*C13321*/SET SCHEMA PUBLIC
DISCONNECT
/*C13320*/SET SCHEMA PUBLIC
DISCONNECT
/*C13319*/SET SCHEMA PUBLIC
DISCONNECT
/*C13318*/SET SCHEMA PUBLIC
DISCONNECT
/*C13317*/SET SCHEMA PUBLIC
DISCONNECT
/*C13316*/SET SCHEMA PUBLIC
DISCONNECT
/*C13315*/SET SCHEMA PUBLIC
DISCONNECT
/*C13334*/SET SCHEMA PUBLIC
DISCONNECT
/*C13333*/SET SCHEMA PUBLIC
DISCONNECT
/*C13332*/SET SCHEMA PUBLIC
DISCONNECT
/*C13331*/SET SCHEMA PUBLIC
DISCONNECT
/*C13330*/SET SCHEMA PUBLIC
DISCONNECT
/*C13329*/SET SCHEMA PUBLIC
DISCONNECT
/*C13328*/SET SCHEMA PUBLIC
DISCONNECT
/*C13327*/SET SCHEMA PUBLIC
DISCONNECT
/*C13326*/SET SCHEMA PUBLIC
DISCONNECT
/*C13325*/SET SCHEMA PUBLIC
DISCONNECT
/*C13344*/SET SCHEMA PUBLIC
DISCONNECT
/*C13343*/SET SCHEMA PUBLIC
DISCONNECT
/*C13342*/SET SCHEMA PUBLIC
DISCONNECT
/*C13341*/SET SCHEMA PUBLIC
DISCONNECT
/*C13340*/SET SCHEMA PUBLIC
DISCONNECT
/*C13339*/SET SCHEMA PUBLIC
DISCONNECT
/*C13337*/SET SCHEMA PUBLIC
DISCONNECT
/*C13338*/SET SCHEMA PUBLIC
DISCONNECT
/*C13335*/SET SCHEMA PUBLIC
DISCONNECT
/*C13336*/SET SCHEMA PUBLIC
DISCONNECT
/*C13354*/SET SCHEMA PUBLIC
DISCONNECT
/*C13353*/SET SCHEMA PUBLIC
DISCONNECT
/*C13352*/SET SCHEMA PUBLIC
DISCONNECT
/*C13351*/SET SCHEMA PUBLIC
DISCONNECT
/*C13350*/SET SCHEMA PUBLIC
DISCONNECT
/*C13349*/SET SCHEMA PUBLIC
DISCONNECT
/*C13348*/SET SCHEMA PUBLIC
DISCONNECT
/*C13347*/SET SCHEMA PUBLIC
DISCONNECT
/*C13346*/SET SCHEMA PUBLIC
DISCONNECT
/*C13345*/SET SCHEMA PUBLIC
DISCONNECT
/*C13364*/SET SCHEMA PUBLIC
DISCONNECT
/*C13363*/SET SCHEMA PUBLIC
DISCONNECT
/*C13362*/SET SCHEMA PUBLIC
DISCONNECT
/*C13361*/SET SCHEMA PUBLIC
DISCONNECT
/*C13360*/SET SCHEMA PUBLIC
DISCONNECT
/*C13359*/SET SCHEMA PUBLIC
DISCONNECT
/*C13358*/SET SCHEMA PUBLIC
DISCONNECT
/*C13357*/SET SCHEMA PUBLIC
DISCONNECT
/*C13356*/SET SCHEMA PUBLIC
DISCONNECT
/*C13355*/SET SCHEMA PUBLIC
DISCONNECT
/*C13374*/SET SCHEMA PUBLIC
DISCONNECT
/*C13373*/SET SCHEMA PUBLIC
DISCONNECT
/*C13372*/SET SCHEMA PUBLIC
DISCONNECT
/*C13371*/SET SCHEMA PUBLIC
DISCONNECT
/*C13370*/SET SCHEMA PUBLIC
DISCONNECT
/*C13369*/SET SCHEMA PUBLIC
DISCONNECT
/*C13368*/SET SCHEMA PUBLIC
DISCONNECT
/*C13367*/SET SCHEMA PUBLIC
DISCONNECT
/*C13366*/SET SCHEMA PUBLIC
DISCONNECT
/*C13365*/SET SCHEMA PUBLIC
DISCONNECT
/*C13384*/SET SCHEMA PUBLIC
DISCONNECT
/*C13383*/SET SCHEMA PUBLIC
DISCONNECT
/*C13382*/SET SCHEMA PUBLIC
DISCONNECT
/*C13381*/SET SCHEMA PUBLIC
DISCONNECT
/*C13380*/SET SCHEMA PUBLIC
DISCONNECT
/*C13379*/SET SCHEMA PUBLIC
DISCONNECT
/*C13378*/SET SCHEMA PUBLIC
DISCONNECT
/*C13377*/SET SCHEMA PUBLIC
DISCONNECT
/*C13376*/SET SCHEMA PUBLIC
DISCONNECT
/*C13375*/SET SCHEMA PUBLIC
DISCONNECT
/*C13394*/SET SCHEMA PUBLIC
DISCONNECT
/*C13393*/SET SCHEMA PUBLIC
DISCONNECT
/*C13392*/SET SCHEMA PUBLIC
DISCONNECT
/*C13391*/SET SCHEMA PUBLIC
DISCONNECT
/*C13390*/SET SCHEMA PUBLIC
DISCONNECT
/*C13389*/SET SCHEMA PUBLIC
DISCONNECT
/*C13387*/SET SCHEMA PUBLIC
DISCONNECT
/*C13386*/SET SCHEMA PUBLIC
DISCONNECT
/*C13388*/SET SCHEMA PUBLIC
DISCONNECT
/*C13385*/SET SCHEMA PUBLIC
DISCONNECT
/*C13404*/SET SCHEMA PUBLIC
DISCONNECT
/*C13402*/SET SCHEMA PUBLIC
DISCONNECT
/*C13403*/SET SCHEMA PUBLIC
DISCONNECT
/*C13401*/SET SCHEMA PUBLIC
DISCONNECT
/*C13400*/SET SCHEMA PUBLIC
DISCONNECT
/*C13398*/SET SCHEMA PUBLIC
DISCONNECT
/*C13399*/SET SCHEMA PUBLIC
DISCONNECT
/*C13397*/SET SCHEMA PUBLIC
DISCONNECT
/*C13396*/SET SCHEMA PUBLIC
DISCONNECT
/*C13395*/SET SCHEMA PUBLIC
DISCONNECT
